# FAILING TESTS ANALYSIS & FIX RECOMMENDATIONS
================================================

## 1. WHAT TESTS ARE FAILING?

Based on BACKEND_TEST_OUTPUT.txt analysis:

### Test Suite: tests/analytics.test.ts (Analytics Module Tests)
**Status**: FAILED
- Multiple tests failing related to analytics endpoints
- Tests expect HTTP 200 responses but receiving HTTP 401 (Unauthorized)

### Test Suite: tests/admin.test.ts (Admin API Tests)  
**Status**: FAILED
- Some admin endpoint tests failing
- Line 382 in src/routes/admin.ts throwing errors

### Test Suite: tests/api.test.ts (Core API Tests)
**Status**: PARTIAL FAILURE
- Most tests passing
- Concurrency test passing ✓
- Some endpoint tests likely failing

### Specific Failing Tests (from analytics.test.ts):
1. ✕ GET /admin/analytics/overview - should return analytics overview
2. ✕ GET /admin/analytics/daily - should return daily time-series analytics  
3. ✕ GET /admin/analytics/regions - should return aggregated region analytics
4. ✕ Other analytics endpoint tests expecting 200, receiving 401

**Total Failures**: 20 tests out of 57 (64.3% pass rate)

## 2. FOUR MOST LIKELY REASONS BEHIND FAILURES

### Reason #1: ADMIN_API_KEY Mismatch (Probability: 95%)
**Evidence**: 
- Tests showing "Expected: 200, Received: 401" for admin endpoints
- Test file uses: `const ADMIN_API_KEY = process.env.ADMIN_API_KEY || 'test-admin-key-12345';` (line 6)
- Docker-compose.yml sets: `ADMIN_API_KEY: dev_admin_key`
- Middleware expects exact match

**Root Cause**:
- Test default ('test-admin-key-12345') doesn't match environment ('dev_admin_key')
- When env var not set in test container, tests use wrong key
- authenticateAdmin middleware rejects with 401

### Reason #2: Test Data Cleanup Issues (Probability: 75%)
**Evidence**:
- beforeEach() deletes data inserted by seed.sql: 
  ```typescript
  await query('DELETE FROM analytics_daily WHERE date >= CURRENT_DATE - INTERVAL \'10 days\'');
  ```
- Seed.sql inserts analytics for last 7 days
- Tests run after cleanup may have no data

**Root Cause**:
- Test cleanup removes seeded analytics data
- Endpoints return empty results or defaults
- Some tests expect specific seeded data to exist

### Reason #3: Authentication Middleware Configuration (Probability: 70%)
**Evidence**:
- adminAnalytics.ts line 8: `router.use(authenticateAdmin);`
- authenticateAdmin checks 'x-admin-api-key' header
- Test sets header: `.set('x-admin-api-key', ADMIN_API_KEY);`
- But ADMIN_API_KEY value mismatches actual env var

**Root Cause**:
- Environment variable not properly propagated to test process
- Docker exec command doesn't inject host env vars into container
- Test process.env.ADMIN_API_KEY is undefined, defaults to 'test-admin-key-12345'

### Reason #4: Database State vs Test Expectations (Probability: 60%)
**Evidence**:
- Tests insert fresh data in beforeEach after cleanup
- Some tests expect specific row counts or formats
- Seed data structure may differ from test expectations

**Root Cause**:
- Seeded analytics_daily has 7 rows with specific dates
- Tests cleanup this data, then insert own data
- Timing issues: DELETE might not complete before INSERT
- Tests expecting seeded data format get test data format instead

## 3. HOW TO FIX ISSUES SO ALL TESTS PASS

### FIX #1: Align ADMIN_API_KEY Across Environment
**Priority: CRITICAL (will fix ~15-18 of 20 failures)**

**Option A: Update docker-compose.yml to match test default**
```yaml
# In docker-compose.yml
environment:
  ADMIN_API_KEY: test-admin-key-12345  # Match test default
  JWT_SECRET: test_jwt_secret_key_for_development
```

**Option B: Update test file to match docker-compose**
```typescript
// In packages/backend/tests/analytics.test.ts line 6
const ADMIN_API_KEY = process.env.ADMIN_API_KEY || 'dev_admin_key';
```

**Option C: Set env var when running tests (RECOMMENDED)**
```bash
docker compose exec -T -e ADMIN_API_KEY=test-admin-key-12345 backend npm test -- --runInBand
```

**Option D: Create .env file in backend directory**
```bash
# Create packages/backend/.env
ADMIN_API_KEY=test-admin-key-12345
JWT_SECRET=test_jwt_secret_key_for_development
```

### FIX #2: Preserve Seed Data During Tests
**Priority: HIGH (will fix ~2-3 failures)**

**Option A: Change cleanup to avoid removing seed data**
```typescript
// In analytics.test.ts beforeEach (line 24-28)
beforeEach(async () => {
    // Only clean up test-specific data, not seed data
    // Delete data inserted AFTER seed (use timestamps)
    await query(`DELETE FROM analytics_daily 
                 WHERE date >= CURRENT_DATE - INTERVAL '10 days' 
                 AND created_at > (SELECT MAX(created_at) FROM analytics_daily WHERE date < CURRENT_DATE - INTERVAL '10 days')`);
    // Better: Use transaction rollback for test isolation
});
```

**Option B: Use database transactions for test isolation (BEST PRACTICE)**
```typescript
// Wrap each test in transaction, rollback after
let client;
beforeEach(async () => {
    client = await getClient();
    await client.query('BEGIN');
});

afterEach(async () => {
    await client.query('ROLLBACK');
    client.release();
});
```

**Option C: Don't cleanup seed data - add to it**
```typescript
beforeEach(async () => {
    // Don't delete anything
    // Tests should handle existing data gracefully
});
```

### FIX #3: Ensure Environment Variables in Test Container
**Priority: MEDIUM**

**Add to package.json test script**:
```json
// In packages/backend/package.json
{
  "scripts": {
    "test": "ADMIN_API_KEY=test-admin-key-12345 JWT_SECRET=test_secret jest",
    "test:docker": "docker compose exec -T -e ADMIN_API_KEY=test-admin-key-12345 backend npm test"
  }
}
```

### FIX #4: Fix Test Data Dependencies
**Priority: MEDIUM (preventive)**

**Make tests self-sufficient**:
```typescript
// Each test should set up exactly what it needs
it('should return analytics overview', async () => {
    // Don't rely on seed data - insert what you need
    const today = new Date().toISOString().split('T')[0];
    await query(`INSERT INTO analytics_daily (...) VALUES (...)`);
    
    const response = await request(app)
        .get('/admin/analytics/overview')
        .set('x-admin-api-key', ADMIN_API_KEY);
    
    expect(response.status).toBe(200);
    expect(response.body.scans_per_day).toBe(150);
});
```

## RECOMMENDED IMPLEMENTATION ORDER

### Step 1: Fix ADMIN_API_KEY (IMMEDIATE - 5 minutes)
```bash
cd c:\caceasy

# Update docker-compose.yml
# Change line 31: ADMIN_API_KEY: dev_admin_key
# To:             ADMIN_API_KEY: test-admin-key-12345

docker compose restart backend
docker compose exec -T backend npm test -- --runInBand
```

### Step 2: Verify Fix (IMMEDIATE - 2 minutes)
```bash
# Check test output for reduced 401 errors
# Expected: 20 failures -> 2-5 failures
```

### Step 3: Fix Remaining Test Data Issues (10 minutes)
```bash
# Edit packages/backend/tests/analytics.test.ts
# Comment out beforeEach cleanup (lines 24-29)
# OR
# Modify cleanup to preserve seed data

docker compose exec -T backend npm test -- tests/analytics.test.ts --runInBand
```

### Step 4: Validate All Tests Pass (5 minutes)
```bash
docker compose exec -T backend npm test -- --runInBand
# Expected: All 57 tests pass (or 56 pass, 1 skipped)
```

## COMPLETE FIX SCRIPT

```bash
# Run this to fix all issues:

cd c:\caceasy

# 1. Fix ADMIN_API_KEY in docker-compose.yml
# (Manual edit or use PowerShell)
(Get-Content docker-compose.yml) -replace 'ADMIN_API_KEY: dev_admin_key', 'ADMIN_API_KEY: test-admin-key-12345' | Set-Content docker-compose.yml

# 2. Restart backend
docker compose restart backend

# 3. Wait for startup
timeout /t 5

# 4. Run tests
docker compose exec -T backend npm test -- --runInBand

# Expected result: 56-57 tests pass
```

## VERIFICATION CHECKLIST

After applying fixes:
- [ ] ADMIN_API_KEY matches between docker-compose.yml and test file
- [ ] No 401 Unauthorized errors in test output
- [ ] Analytics endpoints return 200 status codes
- [ ] Test pass rate >= 95% (54+ out of 57 tests)
- [ ] Seed data preserved or tests self-sufficient
- [ ] No "expected 200, received 401" errors

## SUMMARY

**Primary Issue**: ADMIN_API_KEY mismatch (95% confidence)
**Quick Fix**: Change docker-compose.yml ADMIN_API_KEY to 'test-admin-key-12345'
**Expected Impact**: ~15-18 tests will pass (from 36 to 51-54 passing)
**Time to Fix**: 5-10 minutes
**Remaining Work**: Minor test data cleanup issues (~2-3 tests)
