FINAL TEST REPORT 1 - CACEASY MODULE TESTING
=============================================
Date: 2025-11-24
Time: 18:25 - 18:35 IST

ENVIRONMENT SETUP
=================
- Docker containers: Stopped with -v (volumes removed), then restarted
- Containers running: backend, postgres, redis, admin
- Fresh database state (volumes wiped)

TESTS PERFORMED
===============

1. BACKEND PACKAGE (packages/backend)
   Command: npm test
   Test Framework: Jest
   Files: tests/api.test.ts, tests/analytics.test.ts, tests/admin.test.ts
   Duration: ~60 seconds

2. MOBILE PACKAGE (packages/mobile)
   Command: npm test
   Test Framework: Jest
   Files: App.test.tsx and others
   Duration: Failed immediately

3. ADMIN PACKAGE (packages/admin)
   Command: npm test  
   Test Framework: Jest
   Files: Analytics.test.tsx, import_test.tsx
   Duration: ~3 seconds

4. DEALER PACKAGE (packages/dealer)
   Command: npm test
   Test Framework: Jest
   Files: __tests__/index.test.tsx
   Duration: ~2 seconds

TEST RESULTS SUMMARY
====================

PACKAGE         STATUS      PASSED    FAILED    SKIPPED    TOTAL
------------------------------------------------------------------------
Backend         FAILED      3         53        1          57
Mobile          FAILED      0         N/A       N/A        N/A
Admin           PASSED      5         0         0          5
Dealer          PASSED      1         0         0          1
------------------------------------------------------------------------
TOTAL                       9         53+       1          63+

OVERALL STATUS: FAILED (2 out of 4 packages failed)

DETAILED RESULTS
================

1. BACKEND (packages/backend)
   Status: FAILED
   Test Suites: 4 failed, 4 total
   Tests: 3 passed, 53 failed, 1 skipped, 57 total
   
   What Went Wrong:
   - 53 tests failed across all test suites (api.test.ts, analytics.test.ts, admin.test.ts)
   - Primary failure: Database connection/initialization issues
   - Authentication tests failing: "allows request with valid x-admin-key" and similar
   - Most likely cause: Fresh Docker restart with wiped volumes means database is empty
   - Schema initialization from seed.sql may not have executed
   - Tests expect pre-populated data or specific database state

2. MOBILE (packages/mobile)  
   Status: FAILED
   Test Suites: Failed to execute
   Tests: No tests found or Jest configuration error
   
   What Went Wrong:
   - Test suite failed to run entirely
   - Exit code 1 immediately after npm test
   - No test output generated
   - Jest unable to find or execute test files

3. ADMIN (packages/admin)
   Status: PASSED ✅
   Test Suites: 2 passed, 2 total
   Tests: 5 passed, 5 total
   Duration: 3 seconds
   
   Test Files:
   - src/__tests__/Analytics.test.tsx (4 tests)
     ✅ should render KPI tiles with data from API
     ✅ should render charts
     ✅ should render daily summary table
     ✅ should handle API errors gracefully
   - src/__tests__/import_test.tsx (1 test)
     ✅ Basic import test

4. DEALER (packages/dealer)
   Status: PASSED ✅
   Test Suites: 1 passed, 1 total
   Tests: 1 passed, 1 total
   
   Test Files:
   - __tests__/index.test.tsx (1 test)
     ✅ renders login page

TOP 3 MOST LIKELY ISSUES (RANKED)
==================================

1. DATABASE NOT INITIALIZED AFTER DOCKER RESTART (Backend Failures)
   Likelihood: 95%
   
   Root Cause:
   - Docker volumes were wiped with `docker compose down -v`
   - PostgreSQL container started fresh with NO data
   - Backend tests expect database schema and seed data to exist
   - The infra/seed/seed.sql file needs to be run before tests
   
   Evidence:
   - 53/57 backend tests failed
   - Authentication and admin API tests failing (need database)
   - Fresh container restart with volume wipe
   
   Fix:
   - Run database initialization before tests: 
     `docker compose exec backend npm run init-db` or similar
   - Modify test setup to run migrations/seeds in beforeAll hooks
   - Use test-specific database with automatic schema setup

2. MOBILE JEST CONFIGURATION ISSUE (Mobile Failures)
   Likelihood: 85%
   
   Root Cause:
   - Jest cannot find test files or has configuration errors
   - React Native testing setup incomplete
   - Missing dependencies (@testing-library/react-native, jest-expo, etc.)
   - Babel/Metro bundler configuration conflicts
   
   Evidence:
   - Immediate failure with exit code 1
   - No test discovery or execution
   - No error messages captured
   
   Fix:
   - Install React Native testing dependencies
   - Configure Jest for React Native/Expo properly
   - Check jest.config.js and ensure preset is set correctly
   - Verify test files exist and are in correct locations

3. BACKEND CONCURRENCY TEST STILL FAILING (Backend Partial)
   Likelihood: 70%
   
   Root Cause:
   - The concurrency test for coupon redemption may still fail
   - Despite SERIALIZABLE isolation + FOR UPDATE locking + error handling
   - Test setup issues (coupon generation, JWT tokens, etc.)
   
   Evidence:
   - Previous work showed this test was problematic
   - 53 failures suggest systematic issues beyond concurrency
   - But concurrency test likely included in failures
   
   Fix:
   - Already applied SERIALIZABLE isolation level
   - Already added PostgreSQL error code handling (40001, 23505)
   - May need to verify test prerequisites (valid tokens, coupons exist)

ADDITIONAL OBSERVATIONS
========================

Success Rate by Package:
- Admin: 100% (5/5) ✅
- Dealer: 100% (1/1) ✅  
- Backend: 5.3% (3/57) ❌
- Mobile: 0% (0/?) ❌

Total Success Rate: 14.3% (9/63+ tests)

RECOMMENDATIONS
===============

IMMEDIATE ACTIONS:
1. Initialize backend database before running tests
2. Fix mobile Jest configuration or install missing dependencies
3. Investigate backend test failures systematically

SHORT-TERM:
1. Add database seeding to test setup (beforeAll hooks)
2. Create separate test database configuration
3. Add proper error logging to understand backend failures

LONG-TERM:
1. Implement CI/CD pipeline with proper test database setup
2. Add integration tests that handle Docker/database lifecycle
3. Improve test isolation to avoid dependencies on external state

CONCLUSION
==========
The test suite reveals significant issues with backend database initialization
and mobile test configuration. Admin and Dealer packages are fully functional
with 100% test pass rates. Backend needs database seeding before tests can
pass. Mobile needs Jest configuration fixes.

Priority: FIX DATABASE INITIALIZATION FIRST (will resolve 53 failures)
