src/config.ts(1,20): error TS2307: Cannot find module 'dotenv' or its corresponding type declarations.
src/db.ts(1,22): error TS2307: Cannot find module 'pg' or its corresponding type declarations.
src/index.ts(1,21): error TS2307: Cannot find module 'express' or its corresponding type declarations.
src/index.ts(2,18): error TS2307: Cannot find module 'cors' or its corresponding type declarations.
src/middleware/auth.ts(1,49): error TS2307: Cannot find module 'express' or its corresponding type declarations.
src/middleware/auth.ts(2,17): error TS2307: Cannot find module 'jsonwebtoken' or its corresponding type declarations.
src/routes/admin.ts(1,43): error TS2307: Cannot find module 'express' or its corresponding type declarations.
src/routes/auth.ts(1,43): error TS2307: Cannot find module 'express' or its corresponding type declarations.
src/routes/auth.ts(2,40): error TS2307: Cannot find module 'express-validator' or its corresponding type declarations.
src/routes/auth.ts(3,20): error TS2307: Cannot find module 'bcryptjs' or its corresponding type declarations.
src/routes/auth.ts(4,17): error TS2307: Cannot find module 'jsonwebtoken' or its corresponding type declarations.
src/routes/batches.ts(1,34): error TS2307: Cannot find module 'express' or its corresponding type declarations.
src/routes/batches.ts(2,40): error TS2307: Cannot find module 'express-validator' or its corresponding type declarations.
src/routes/batches.ts(21,35): error TS2339: Property 'body' does not exist on type 'AuthRequest'.
src/routes/coupons.ts(1,43): error TS2307: Cannot find module 'express' or its corresponding type declarations.
src/routes/coupons.ts(2,47): error TS2307: Cannot find module 'express-validator' or its corresponding type declarations.
src/routes/coupons.ts(4,30): error TS2307: Cannot find module 'uuid' or its corresponding type declarations.
src/routes/coupons.ts(23,60): error TS2339: Property 'body' does not exist on type 'AuthRequest'.
src/routes/coupons.ts(55,21): error TS2339: Property 'headers' does not exist on type 'AuthRequest'.
src/routes/health.ts(1,24): error TS2307: Cannot find module 'express' or its corresponding type declarations.
src/routes/health.ts(6,24): error TS7006: Parameter 'req' implicitly has an 'any' type.
src/routes/health.ts(6,29): error TS7006: Parameter 'res' implicitly has an 'any' type.
src/routes/health.ts(10,25): error TS7006: Parameter 'req' implicitly has an 'any' type.
src/routes/health.ts(10,30): error TS7006: Parameter 'res' implicitly has an 'any' type.
src/routes/scan.ts(1,34): error TS2307: Cannot find module 'express' or its corresponding type declarations.
src/routes/scan.ts(2,40): error TS2307: Cannot find module 'express-validator' or its corresponding type declarations.
src/routes/scan.ts(22,60): error TS2339: Property 'body' does not exist on type 'AuthRequest'.
src/routes/users.ts(1,34): error TS2307: Cannot find module 'express' or its corresponding type declarations.
src/routes/users.ts(2,47): error TS2307: Cannot find module 'express-validator' or its corresponding type declarations.
src/routes/users.ts(13,28): error TS2339: Property 'params' does not exist on type 'AuthRequest'.
src/routes/users.ts(57,28): error TS2339: Property 'params' does not exist on type 'AuthRequest'.
src/routes/users.ts(58,49): error TS2339: Property 'body' does not exist on type 'AuthRequest'.
tests/admin.test.ts(1,21): error TS2307: Cannot find module 'supertest' or its corresponding type declarations.
tests/admin.test.ts(43,56): error TS7006: Parameter 'r' implicitly has an 'any' type.
tests/api.test.ts(1,21): error TS2307: Cannot find module 'supertest' or its corresponding type declarations.
tests/api.test.ts(6,18): error TS7016: Could not find a declaration file for module 'js-yaml'. 'C:/Project-Ali/node_modules/js-yaml/index.js' implicitly has an 'any' type.
  Try `npm i --save-dev @types/js-yaml` if it exists or add a new declaration (.d.ts) file containing `declare module 'js-yaml';`
tests/api.test.ts(261,46): error TS7006: Parameter 'r' implicitly has an 'any' type.
tests/api.test.ts(262,46): error TS7006: Parameter 'r' implicitly has an 'any' type.
