{"numFailedTestSuites":1,"numFailedTests":2,"numPassedTestSuites":1,"numPassedTests":3,"numPendingTestSuites":0,"numPendingTests":0,"numRuntimeErrorTestSuites":0,"numTodoTests":0,"numTotalTestSuites":2,"numTotalTests":5,"openHandles":[],"snapshot":{"added":0,"didUpdate":false,"failure":false,"filesAdded":0,"filesRemoved":0,"filesRemovedList":[],"filesUnmatched":0,"filesUpdated":0,"matched":0,"total":0,"unchecked":0,"uncheckedKeysByFile":[],"unmatched":0,"updated":0},"startTime":1763934319682,"success":false,"testResults":[{"assertionResults":[{"ancestorTitles":[],"duration":6,"failureDetails":[],"failureMessages":[],"fullName":"import analytics page","invocations":1,"location":null,"numPassingAsserts":1,"retryReasons":[],"status":"passed","title":"import analytics page"}],"endTime":1763934321772,"message":"","name":"C:\\caceasy\\packages\\admin\\src\\__tests__\\import_test.tsx","startTime":1763934320889,"status":"passed","summary":""},{"assertionResults":[{"ancestorTitles":["Analytics Page"],"duration":87,"failureDetails":[{"name":"TestingLibraryElementError"}],"failureMessages":["TestingLibraryElementError: Found multiple elements with the text: 80.0%\n\nHere are the matching elements:\n\nIgnored nodes: comments, script, style\n\u001b[36m<p\u001b[39m\n  \u001b[33mclass\u001b[39m=\u001b[32m\"text-3xl font-bold\"\u001b[39m\n\u001b[36m>\u001b[39m\n  \u001b[0m80.0\u001b[0m\n  \u001b[0m%\u001b[0m\n\u001b[36m</p>\u001b[39m\n\nIgnored nodes: comments, script, style\n\u001b[36m<td\u001b[39m\n  \u001b[33mclass\u001b[39m=\u001b[32m\"px-6 py-4 whitespace-nowrap text-sm text-gray-900\"\u001b[39m\n\u001b[36m>\u001b[39m\n  \u001b[0m80.0\u001b[0m\n  \u001b[0m%\u001b[0m\n\u001b[36m</td>\u001b[39m\n\nIgnored nodes: comments, script, style\n\u001b[36m<td\u001b[39m\n  \u001b[33mclass\u001b[39m=\u001b[32m\"px-6 py-4 whitespace-nowrap text-sm text-gray-900\"\u001b[39m\n\u001b[36m>\u001b[39m\n  \u001b[0m80.0\u001b[0m\n  \u001b[0m%\u001b[0m\n\u001b[36m</td>\u001b[39m\n\nIgnored nodes: comments, script, style\n\u001b[36m<td\u001b[39m\n  \u001b[33mclass\u001b[39m=\u001b[32m\"px-6 py-4 whitespace-nowrap text-sm text-gray-900\"\u001b[39m\n\u001b[36m>\u001b[39m\n  \u001b[0m80.0\u001b[0m\n  \u001b[0m%\u001b[0m\n\u001b[36m</td>\u001b[39m\n\n(If this is intentional, then use the `*AllBy*` variant of the query (like `queryAllByText`, `getAllByText`, or `findAllByText`)).\n\nIgnored nodes: comments, script, style\n\u001b[36m<body>\u001b[39m\n  \u001b[36m<div>\u001b[39m\n    \u001b[36m<div\u001b[39m\n      \u001b[33mclass\u001b[39m=\u001b[32m\"min-h-screen bg-gray-100\"\u001b[39m\n    \u001b[36m>\u001b[39m\n      \u001b[36m<nav\u001b[39m\n        \u001b[33mclass\u001b[39m=\u001b[32m\"bg-white shadow\"\u001b[39m\n      \u001b[36m>\u001b[39m\n        \u001b[36m<div\u001b[39m\n          \u001b[33mclass\u001b[39m=\u001b[32m\"max-w-7xl mx-auto px-4 py-4\"\u001b[39m\n        \u001b[36m>\u001b[39m\n          \u001b[36m<div\u001b[39m\n            \u001b[33mclass\u001b[39m=\u001b[32m\"flex items-center justify-between\"\u001b[39m\n          \u001b[36m>\u001b[39m\n            \u001b[36m<h1\u001b[39m\n              \u001b[33mclass\u001b[39m=\u001b[32m\"text-2xl font-bold\"\u001b[39m\n            \u001b[36m>\u001b[39m\n              \u001b[0mAnalytics Dashboard\u001b[0m\n            \u001b[36m</h1>\u001b[39m\n            \u001b[36m<div\u001b[39m\n              \u001b[33mclass\u001b[39m=\u001b[32m\"flex space-x-2\"\u001b[39m\n            \u001b[36m>\u001b[39m\n              \u001b[36m<button\u001b[39m\n                \u001b[33mclass\u001b[39m=\u001b[32m\"px-4 py-2 bg-gray-200 hover:bg-gray-300 rounded\"\u001b[39m\n              \u001b[36m>\u001b[39m\n                \u001b[0mBack to Home\u001b[0m\n              \u001b[36m</button>\u001b[39m\n            \u001b[36m</div>\u001b[39m\n          \u001b[36m</div>\u001b[39m\n        \u001b[36m</div>\u001b[39m\n      \u001b[36m</nav>\u001b[39m\n      \u001b[36m<main\u001b[39m\n        \u001b[33mclass\u001b[39m=\u001b[32m\"max-w-7xl mx-auto px-4 py-8\"\u001b[39m\n      \u001b[36m>\u001b[39m\n        \u001b[36m<div\u001b[39m\n          \u001b[33mclass\u001b[39m=\u001b[32m\"grid grid-cols-1 md:grid-cols-2 lg:grid-cols-4 gap-6 mb-8\"\u001b[39m\n        \u001b[36m>\u001b[39m\n          \u001b[36m<div\u001b[39m\n            \u001b[33mclass\u001b[39m=\u001b[32m\"bg-white p-6 rounded-lg shadow\"\u001b[39m\n          \u001b[36m>\u001b[39m\n            \u001b[36m<div\u001b[39m\n              \u001b[33mclass\u001b[39m=\u001b[32m\"flex items-center justify-between\"\u001b[39m\n            \u001b[36m>\u001b[39m\n              \u001b[36m<div>\u001b[39m\n                \u001b[36m<p\u001b[39m\n                  \u001b[33mclass\u001b[39m=\u001b[32m\"text-gray-500 text-sm\"\u001b[39m\n                \u001b[36m>\u001b[39m\n                  \u001b[0mScans/Day\u001b[0m\n                \u001b[36m</p>\u001b[39m\n                \u001b[36m<p\u001b[39m\n                  \u001b[33mclass\u001b[39m=\u001b[32m\"text-3xl font-bold\"\u001b[39m\n                  \u001b[33mdata-testid\u001b[39m=\u001b[32m\"kpi-scans\"\u001b[39m\n                \u001b[36m>\u001b[39m\n                  \u001b[0m150\u001b[0m\n                \u001b[36m</p>\u001b[39m\n                \u001b[36m<p\u001b[39m\n                  \u001b[33mclass\u001b[39m=\u001b[32m\"text-xs text-gray-400 mt-1\"\u001b[39m\n                \u001b[36m>\u001b[39m\n                  \u001b[0m2023-11-23\u001b[0m\n                \u001b[36m</p>\u001b[39m\n              \u001b[36m</div>\u001b[39m\n              \u001b[36m<div\u001b[39m\n                \u001b[33mdata-testid\u001b[39m=\u001b[32m\"icon-BarChart3\"\u001b[39m\n              \u001b[36m/>\u001b[39m\n            \u001b[36m</div>\u001b[39m\n          \u001b[36m</div>\u001b[39m\n          \u001b[36m<div\u001b[39m\n            \u001b[33mclass\u001b[39m=\u001b[32m\"bg-white p-6 rounded-lg shadow\"\u001b[39m\n          \u001b[36m>\u001b[39m\n            \u001b[36m<div\u001b[39m\n              \u001b[33mclass\u001b[39m=\u001b[32m\"flex items-center justify-between\"\u001b[39m\n            \u001b[36m>\u001b[39m\n              \u001b[36m<div>\u001b[39m\n                \u001b[36m<p\u001b[39m\n                  \u001b[33mclass\u001b[39m=\u001b[32m\"text-gray-500 text-sm\"\u001b[39m\n                \u001b[36m>\u001b[39m\n                  \u001b[0mActive Masons\u001b[0m\n                \u001b[36m</p>\u001b[39m\n                \u001b[36m<p\u001b[39m\n                  \u001b[33mclass\u001b[39m=\u001b[32m\"text-3xl font-bold\"\u001b[39m\n                  \u001b[33mdata-testid\u001b[39m=\u001b[32m\"kpi-active-masons\"\u001b[39m\n                \u001b[36m>\u001b[39m\n                  \u001b[0m60\u001b[0m\n                \u001b[36m</p>\u001b[39m\n                \u001b[36m<p\u001b[39m\n                  \u001b[33mclass\u001b[39m=\u001b[32m\"text-xs text-gray-400 mt-1\"\u001b[39m\n                \u001b[36m>\u001b[39m\n                  \u001b[0mUnique users\u001b[0m\n                \u001b[36m</p>\u001b[39m\n              \u001b[36m</div>\u001b[39m\n              \u001b[36m<div\u001b[39m\n                \u001b[33mdata-testid\u001b[39m=\u001b[32m\"icon-Users\"\u001b[39m\n              \u001b[36m/>\u001b[39m\n            \u001b[36m</div>\u001b[39m\n          \u001b[36m</div>\u001b[39m\n          \u001b[36m<div\u001b[39m\n            \u001b[33mclass\u001b[39m=\u001b[32m\"bg-white p-6 rounded-lg shadow\"\u001b[39m\n          \u001b[36m>\u001b[39m\n            \u001b[36m<div\u001b[39m\n              \u001b[33mclass\u001b[39m=\u001b[32m\"flex items-center justify-between\"\u001b[39m\n            \u001b[36m>\u001b[39m\n              \u001b[36m<div>\u001b[39m\n                \u001b[36m<p\u001b[39m\n                  \u001b[33mclass\u001b[39m=\u001b[32m\"text-gray-500 text-sm\"\u001b[39m\n                \u001b[36m>\u001b[39m\n                  \u001b[0mRedemption Rate\u001b[0m\n                \u001b[36m</p>\u001b[39m\n                \u001b[36m<p\u001b[39m\n                  \u001b[33mclass\u001b[39m=\u001b[32m\"text-3xl font-bold\"\u001b[39m\n                \u001b[36m>\u001b[39m\n                  \u001b[0m80.0\u001b[0m\n                  \u001b[0m%\u001b[0m\n                \u001b[36m</p>\u001b[39m\n                \u001b[36m<p\u001b[39m\n                  \u001b[33mclass\u001b[39m=\u001b[32m\"text-xs text-gray-400 mt-1\"\u001b[39m\n                \u001b[36m>\u001b[39m\n                  \u001b[0mSuccess rate\u001b[0m\n                \u001b[36m</p>\u001b[39m\n              \u001b[36m</div>\u001b[39m\n              \u001b[36m<div\u001b[39m\n                \u001b[33mdata-testid\u001b[39m=\u001b[32m\"icon-TrendingUp\"\u001b[39m\n              \u001b[36m/>\u001b[39m\n            \u001b[36m</div>\u001b[39m\n          \u001b[36m</div>\u001b[39m\n          \u001b[36m<div\u001b[39m\n            \u001b[33mclass\u001b[39m=\u001b[32m\"bg-white p-6 rounded-lg shadow\"\u001b[39m\n          \u001b[36m>\u001b[39m\n            \u001b[36m<div\u001b[39m\n              \u001b[33mclass\u001b[39m=\u001b[32m\"flex items-center justify-between\"\u001b[39m\n            \u001b[36m>\u001b[39m\n              \u001b[36m<div>\u001b[39m\n                \u001b[36m<p\u001b[39m\n                  \u001b[33mclass\u001b[39m=\u001b[32m\"text-gray-500 text-sm\"\u001b[39m\n                \u001b[36m>\u001b[39m\n                  \u001b[0mPending Payouts\u001b[0m\n                \u001b[36m</p>\u001b[39m\n                \u001b[36m<p\u001b[39m\n                  \u001b[33mclass\u001b[39m=\u001b[32m\"text-3xl font-bold\"\u001b[39m\n                \u001b[36m>\u001b[39m\n                  \u001b[0m5\u001b[0m\n                \u001b[36m</p>\u001b[39m\n                \u001b[36m<p\u001b[39m\n                  \u001b[33mclass\u001b[39m=\u001b[32m\"text-xs text-gray-400 mt-1\"\u001b[39m\n                \u001b[36m>\u001b[39m\n                  \u001b[0mAwaiting approval\u001b[0m\n                \u001b[36m</p>\u001b[39m\n              \u001b[36m</div>\u001b[39m\n              \u001b[36m<div\u001b[39m\n                \u001b[33mdata-testid\u001b[39m=\u001b[32m\"icon-DollarSign\"\u001b[39m\n              \u001b[36m/>\u001b[39m\n            \u001b[36m</div>\u001b[39m\n          \u001b[36m</div>\u001b[39m\n        \u001b[36m</div>\u001b[39m\n        \u001b[36m<div\u001b[39m\n          \u001b[33mclass\u001b[39m=\u001b[32m\"mb-6 flex items-center space-x-4\"\u001b[39m\n        \u001b[36m>\u001b[39m\n          \u001b[36m<div\u001b[39m\n            \u001b[33mdata-testid\u001b[39m=\u001b[32m\"icon-Calendar\"\u001b[39m\n          \u001b[36m/>\u001b[39m\n          \u001b[36m<span\u001b[39m\n            \u001b[33mclass\u001b[39m=\u001b[32m\"text-gray-700 font-medium\"\u001b[39m\n          \u001b[36m>\u001b[39m\n            \u001b[0mTime Range:\u001b[0m\n          \u001b[36m</span>\u001b[39m\n          \u001b[36m<div\u001b[39m\n            \u001b[33mclass\u001b[39m=\u001b[32m\"flex space-x-2\"\u001b[39m\n          \u001b[36m>\u001b[39m\n            \u001b[36m<button\u001b[39m\n              \u001b[33mclass\u001b[39m=\u001b[32m\"px-4 py-2 rounded bg-white text-gray-700 hover:bg-gray-100\"\u001b[39m\n            \u001b[36m>\u001b[39m\n              \u001b[0m7\u001b[0m\n              \u001b[0m days\u001b[0m\n            \u001b[36m</button>\u001b[39m\n            \u001b[36m<button\u001b[39m\n              \u001b[33mclass\u001b[39m=\u001b[32m\"px-4 py-2 rounded bg-white text-gray-700 hover:bg-gray-100\"\u001b[39m\n            \u001b[36m>\u001b[39m\n              \u001b[0m14\u001b[0m\n              \u001b[0m days\u001b[0m\n            \u001b[36m</button>\u001b[39m\n            \u001b[36m<button\u001b[39m\n              \u001b[33mclass\u001b[39m=\u001b[32m\"px-4 py-2 rounded bg-blue-600 text-white\"\u001b[39m\n            \u001b[36m>\u001b[39m\n              \u001b[0m30\u001b[0m\n              \u001b[0m days\u001b[0m\n            \u001b[36m</button>\u001b[39m\n            \u001b[36m<button\u001b[39m\n              \u001b[33mclass\u001b[39m=\u001b[32m\"px-4 py-2 rounded bg-white text-gray-700 hover:bg-gray-100\"\u001b[39m\n            \u001b[36m>\u001b[39m\n              \u001b[0m60\u001b[0m\n              \u001b[0m days\u001b[0m\n            \u001b[36m</button>\u001b[39m\n            \u001b[36m<button\u001b[39m\n              \u001b[33mclass\u001b[39m=\u001b[32m\"px-4 py-2 rounded bg-white text-gray-700 hover:bg-gray-100\"\u001b[39m\n            \u001b[36m>\u001b[39m\n              \u001b[0m90\u001b[0m\n              \u001b[0m days\u001b[0m\n            \u001b[36m</button>\u001b[39m\n          \u001b[36m</div>\u001b[39m\n        \u001b[36m</div>\u001b[39m\n        \u001b[36m<div\u001b[39m\n          \u001b[33mclass\u001b[39m=\u001b[32m\"grid grid-cols-1 lg:grid-cols-2 gap-6 mb-8\"\u001b[39m\n        \u001b[36m>\u001b[39m\n          \u001b[36m<div\u001b[39m\n            \u001b[33mclass\u001b[39m=\u001b[32m\"bg-white p-6 rounded-lg shadow\"\u001b[39m\n          \u001b[36m>\u001b[39m\n            \u001b[36m<h2\u001b[39m\n              \u001b[33mclass\u001b[39m=\u001b[32m\"text-xl font-bold mb-4\"\u001b[39m\n            \u001b[36m>\u001b[39m\n              \u001b[0mScans Over Time\u001b[0m\n            \u001b[36m</h2>\u001b[39m\n          \u001b[36m</div>\u001b[39m\n          \u001b[36m<div\u001b[39m\n            \u001b[33mclass\u001b[39m=\u001b[32m\"bg-white p-6 rounded-lg shadow\"\u001b[39m\n          \u001b[36m>\u001b[39m\n            \u001b[36m<h2\u001b[39m\n              \u001b[33mclass\u001b[39m=\u001b[32m\"text-xl font-bold mb-4\"\u001b[39m\n            \u001b[36m>\u001b[39m\n              \u001b[0mActive Masons Over Time\u001b[0m\n            \u001b[36m</h2>\u001b[39m\n          \u001b[36m</div>\u001b[39m\n        \u001b[36m</div>\u001b[39m\n        \u001b[36m<div\u001b[39m\n          \u001b[33mclass\u001b[39m=\u001b[32m\"grid grid-cols-1 lg:grid-cols-2 gap-6\"\u001b[39m\n        \u001b[36m>\u001b[39m\n          \u001b[36m<div\u001b[39m\n            \u001b[33mclass\u001b[39m=\u001b[32m\"bg-white p-6 rounded-lg shadow\"\u001b[39m\n          \u001b[36m>\u001b[39m\n            \u001b[36m<h2\u001b[39m\n              \u001b[33mclass\u001b[39m=\u001b[32m\"text-xl font-bold mb-4\"\u001b[39m\n            \u001b[36m>\u001b[39m\n              \u001b[0mRedemption Rate Trend\u001b[0m\n            \u001b[36m</h2>\u001b[39m\n          \u001b[36m</div>\u001b[39m\n          \u001b[36m<div\u001b[39m\n            \u001b[33mclass\u001b[39m=\u001b[32m\"bg-white p-6 rounded-lg shadow\"\u001b[39m\n          \u001b[36m>\u001b[39m\n            \u001b[36m<h2\u001b[39m\n              \u001b[33mclass\u001b[39m=\u001b[32m\"text-xl font-bold mb-4\"\u001b[39m\n            \u001b[36m>\u001b[39m\n              \u001b[0mTop Regions\u001b[0m\n            \u001b[36m</h2>\u001b[39m\n          \u001b[36m</div>\u001b[39m\n        \u001b[36m</div>\u001b[39m\n        \u001b[36m<div\u001b[39m\n          \u001b[33mclass\u001b[39m=\u001b[32m\"mt-8 bg-white p-6 rounded-lg shadow\"\u001b[39m\n        \u001b[36m>\u001b[39m\n          \u001b[36m<h2\u001b[39m\n            \u001b[33mclass\u001b[39m=\u001b[32m\"text-xl font-bold mb-4\"\u001b[39m\n          \u001b[36m>\u001b[39m\n            \u001b[0mDaily Summary\u001b[0m\n          \u001b[36m</h2>\u001b[39m\n          \u001b[36m<div\u001b[39m\n            \u001b[33mclass\u001b[39m=\u001b[32m\"overflow-x-auto\"\u001b[39m\n          \u001b[36m>\u001b[39m\n            \u001b[36m<table\u001b[39m\n              \u001b[33mclass\u001b[39m=\u001b[32m\"min-w-full divide-y divide-gray-200\"\u001b[39m\n            \u001b[36m>\u001b[39m\n              \u001b[36m<thead\u001b[39m\n                \u001b[33mclass\u001b[39m=\u001b[32m\"bg-gray-50\"\u001b[39m\n              \u001b[36m>\u001b[39m\n                \u001b[36m<tr>\u001b[39m\n                  \u001b[36m<th\u001b[39m\n                    \u001b[33mclass\u001b[39m=\u001b[32m\"px-6 py-3 text-left text-xs font-medium text-gray-500 uppercase tracking-wider\"\u001b[39m\n                  \u001b[36m>\u001b[39m\n                    \u001b[0mDate\u001b[0m\n                  \u001b[36m</th>\u001b[39m\n                  \u001b[36m<th\u001b[39m\n                    \u001b[33mclass\u001b[39m=\u001b[32m\"px-6 py-3 text-left text-xs font-medium text-gray-500 uppercase tracking-wider\"\u001b[39m\n                  \u001b[36m>\u001b[39m\n                    \u001b[0mScans\u001b[0m\n                  \u001b[36m</th>\u001b[39m\n                  \u001b[36m<th\u001b[39m\n                    \u001b[33mclass\u001b[39m=\u001b[32m\"px-6 py-3 text-left text-xs font-medium text-gray-500 uppercase tracking-wider\"\u001b[39m\n                  \u001b[36m>\u001b[39m\n                    \u001b[0mActive Masons\u001b[0m\n                  \u001b[36m</th>\u001b[39m\n                  \u001b[36m<th\u001b[39m\n                    \u001b[33mclass\u001b[39m=\u001b[32m\"px-6 py-3 text-left text-xs font-medium text-gray-500 uppercase tracking-wider\"\u001b[39m\n                  \u001b[36m>\u001b[39m\n                    \u001b[0mRedemptions\u001b[0m\n                  \u001b[36m</th>\u001b[39m\n                  \u001b[36m<th\u001b[39m\n                    \u001b[33mclass\u001b[39m=\u001b[32m\"px-6 py-3 text-left text-xs font-medium text-gray-500 uppercase tracking-wider\"\u001b[39m\n                  \u001b[36m>\u001b[39m\n                    \u001b[0mRate\u001b[0m\n                  \u001b[36m</th>\u001b[39m\n                \u001b[36m</tr>\u001b[39m\n              \u001b[36m</thead>\u001b[39m\n              \u001b[36m<tbody\u001b[39m\n                \u001b[33mclass\u001b[39m=\u001b[32m\"bg-white divide-y divide-gray-200\"\u001b[39m\n              \u001b[36m>\u001b[39m\n                \u001b[36m<tr>\u001b[39m\n                  \u001b[36m<td\u001b[39m\n                    \u001b[33mclass\u001b[39m=\u001b[32m\"px-6 py-4 whitespace-nowrap text-sm text-gray-900\"\u001b[39m\n                  \u001b[36m>\u001b[39m\n                    \u001b[0m2023-11-20\u001b[0m\n                  \u001b[36m</td>\u001b[39m\n                  \u001b[36m<td\u001b[39m\n                    \u001b[33mclass\u001b[39m=\u001b[32m\"px-6 py-4 whitespace-nowrap text-sm text-gray-900\"\u001b[39m\n                  \u001b[36m>\u001b[39m\n                    \u001b[0m120\u001b[0m\n                  \u001b[36m</td>\u001b[39m\n                  \u001b[36m<td\u001b[39m\n                    \u001b[33mclass\u001b[39m=\u001b[32m\"px-6 py-4 whitespace-nowrap text-sm text-gray-900\"\u001b[39m\n                  \u001b[36m>\u001b[39m\n                    \u001b[0m50\u001b[0m\n                  \u001b[36m</td>\u001b[39m\n                  \u001b[36m<td\u001b[39m\n                    \u001b[33mclass\u001b[39m=\u001b[32m\"px-6 py-4 whitespace-nowrap text-sm text-gray-900\"\u001b[39m\n                  \u001b[36m>\u001b[39m\n                    \u001b[0m96\u001b[0m\n                  \u001b[36m</td>\u001b[39m\n                  \u001b[36m<td\u001b[39m\n                    \u001b[33mclass\u001b[39m=\u001b[32m\"px-6 py-4 whitespace-nowrap text-sm text-gray-900\"\u001b[39m\n                  \u001b[36m>\u001b[39m\n                    \u001b[0m80.0\u001b[0m\n                    \u001b[0m%\u001b[0m\n                  \u001b[36m</td>\u001b[39m\n                \u001b[36m</tr>\u001b[39m\n                \u001b[36m<tr>\u001b[39m\n                  \u001b[36m<td\u001b[39m\n                    \u001b[33mclass\u001b[39m=\u001b[32m\"px-6 py-4 whitespace-nowrap text-sm text-gray-900\"\u001b[39m\n                  \u001b[36m>\u001b[39m\n                    \u001b[0m2023-11-21\u001b[0m\n                  \u001b[36m</td>\u001b[39m\n                  \u001b[36m<td\u001b[39m\n                    \u001b[33mclass\u001b[39m=\u001b[32m\"px-6 py-4 whitespace-nowrap text-sm text-gray-900\"\u001b[39m\n                  \u001b[36m>\u001b[39m\n                    \u001b[0m135\u001b[0m\n                  \u001b[36m</td>\u001b[39m\n                  \u001b[36m<td\u001b[39m\n                    \u001b[33mclass\u001b[39m=\u001b[32m\"px-6 py-4 whitespace-nowrap text-sm text-gray-900\"\u001b[39m\n                  \u001b[36m>\u001b[39m\n                    \u001b[0m55\u001b[0m\n                  \u001b[36m</td>\u001b[39m\n                  \u001b[36m<td\u001b[39m\n                    \u001b[33mclass\u001b[39m=\u001b[32m\"px-6 py-4 whitespace-nowrap text-sm text-gray-900\"\u001b[39m\n                  \u001b[36m>\u001b[39m\n                    \u001b[0m108\u001b[0m\n                  \u001b[36m</td>\u001b[39m\n                  \u001b[36m<td\u001b[39m\n                    \u001b[33mclass\u001b[39m=\u001b[32m\"px-6 py-4 whitespace-nowrap text-sm text-gray-900\"\u001b[39m\n                  \u001b[36m>\u001b[39m\n                    \u001b[0m80.0\u001b[0m\n                    \u001b[0m%\u001b[0m\n                  \u001b[36m</td>\u001b[39m\n                \u001b[36m</tr>\u001b[39m\n                \u001b[36m<tr>\u001b[39m\n                  \u001b[36m<td\u001b[39m\n                    \u001b[33mclass\u001b[39m=\u001b[32m\"px-6 py-4 whitespace-nowrap text-sm text-gray-900\"\u001b[39m\n                  \u001b[36m>\u001b[39m\n                    \u001b[0m2023-11-22\u001b[0m\n                  \u001b[36m</td>\u001b[39m\n                  \u001b[36m<td\u001b[39m\n                    \u001b[33mclass\u001b[39m=\u001b[32m\"px-6 py-4 whitespace-nowrap text-sm text-gray-900\"\u001b[39m\n                  \u001b[36m>\u001b[39m\n                    \u001b[0m150\u001b[0m\n                  \u001b[36m</td>\u001b[39m\n                  \u001b[36m<td\u001b[39m\n                    \u001b[33mclass\u001b[39m=\u001b[32m\"px-6 py-4 whitespace-nowrap text-sm text-gray-900\"\u001b[39m\n                  \u001b[36m>\u001b[39m\n                    \u001b[0m60\u001b[0m\n                  \u001b[36m</td>\u001b[39m\n                  \u001b[36m<td\u001b[39m\n                    \u001b[33mclass\u001b[39m=\u001b[32m\"px-6 py-4 whitespace-nowrap text-sm text-gray-900\"\u001b[39m\n                  \u001b[36m>\u001b[39m\n                    \u001b[0m120\u001b[0m\n                  \u001b[36m</td>\u001b[39m\n                  \u001b[36m<td\u001b[39m\n                    \u001b[33mclass\u001b[39m=\u001b[32m\"px-6 py-4 whitespace-nowrap text-sm text-gray-900\"\u001b[39m\n                  \u001b[36m>\u001b[39m\n                    \u001b[0m80.0\u001b[0m\n                    \u001b[0m%\u001b[0m\n                  \u001b[36m</td>\u001b[39m\n                \u001b[36m</tr>\u001b[39m\n              \u001b[36m</tbody>\u001b[39m\n            \u001b[36m</table>\u001b[39m\n          \u001b[36m</div>\u001b[39m\n        \u001b[36m</div>\u001b[39m\n      \u001b[36m</main>\u001b[39m\n    \u001b[36m</div>\u001b[39m\n  \u001b[36m</div>\u001b[39m\n\u001b[36m</body>\u001b[39m\n    at Object.getElementError (C:\\caceasy\\node_modules\\@testing-library\\dom\\dist\\config.js:37:19)\n    at getElementError (C:\\caceasy\\node_modules\\@testing-library\\dom\\dist\\query-helpers.js:20:35)\n    at getMultipleElementsFoundError (C:\\caceasy\\node_modules\\@testing-library\\dom\\dist\\query-helpers.js:23:10)\n    at C:\\caceasy\\node_modules\\@testing-library\\dom\\dist\\query-helpers.js:55:13\n    at C:\\caceasy\\node_modules\\@testing-library\\dom\\dist\\query-helpers.js:95:19\n    at Object.getByText (C:\\caceasy\\packages\\admin\\src\\__tests__\\Analytics.test.tsx:111:23)"],"fullName":"Analytics Page should render KPI tiles with data from API","invocations":1,"location":null,"numPassingAsserts":3,"retryReasons":[],"status":"failed","title":"should render KPI tiles with data from API"},{"ancestorTitles":["Analytics Page"],"duration":33,"failureDetails":[{"name":"TestingLibraryElementError"}],"failureMessages":["TestingLibraryElementError: Unable to find an element by: [data-testid=\"area-chart\"]\n\nIgnored nodes: comments, script, style\n\u001b[36m<body>\u001b[39m\n  \u001b[36m<div>\u001b[39m\n    \u001b[36m<div\u001b[39m\n      \u001b[33mclass\u001b[39m=\u001b[32m\"min-h-screen bg-gray-100\"\u001b[39m\n    \u001b[36m>\u001b[39m\n      \u001b[36m<nav\u001b[39m\n        \u001b[33mclass\u001b[39m=\u001b[32m\"bg-white shadow\"\u001b[39m\n      \u001b[36m>\u001b[39m\n        \u001b[36m<div\u001b[39m\n          \u001b[33mclass\u001b[39m=\u001b[32m\"max-w-7xl mx-auto px-4 py-4\"\u001b[39m\n        \u001b[36m>\u001b[39m\n          \u001b[36m<div\u001b[39m\n            \u001b[33mclass\u001b[39m=\u001b[32m\"flex items-center justify-between\"\u001b[39m\n          \u001b[36m>\u001b[39m\n            \u001b[36m<h1\u001b[39m\n              \u001b[33mclass\u001b[39m=\u001b[32m\"text-2xl font-bold\"\u001b[39m\n            \u001b[36m>\u001b[39m\n              \u001b[0mAnalytics Dashboard\u001b[0m\n            \u001b[36m</h1>\u001b[39m\n            \u001b[36m<div\u001b[39m\n              \u001b[33mclass\u001b[39m=\u001b[32m\"flex space-x-2\"\u001b[39m\n            \u001b[36m>\u001b[39m\n              \u001b[36m<button\u001b[39m\n                \u001b[33mclass\u001b[39m=\u001b[32m\"px-4 py-2 bg-gray-200 hover:bg-gray-300 rounded\"\u001b[39m\n              \u001b[36m>\u001b[39m\n                \u001b[0mBack to Home\u001b[0m\n              \u001b[36m</button>\u001b[39m\n            \u001b[36m</div>\u001b[39m\n          \u001b[36m</div>\u001b[39m\n        \u001b[36m</div>\u001b[39m\n      \u001b[36m</nav>\u001b[39m\n      \u001b[36m<main\u001b[39m\n        \u001b[33mclass\u001b[39m=\u001b[32m\"max-w-7xl mx-auto px-4 py-8\"\u001b[39m\n      \u001b[36m>\u001b[39m\n        \u001b[36m<div\u001b[39m\n          \u001b[33mclass\u001b[39m=\u001b[32m\"grid grid-cols-1 md:grid-cols-2 lg:grid-cols-4 gap-6 mb-8\"\u001b[39m\n        \u001b[36m>\u001b[39m\n          \u001b[36m<div\u001b[39m\n            \u001b[33mclass\u001b[39m=\u001b[32m\"bg-white p-6 rounded-lg shadow\"\u001b[39m\n          \u001b[36m>\u001b[39m\n            \u001b[36m<div\u001b[39m\n              \u001b[33mclass\u001b[39m=\u001b[32m\"flex items-center justify-between\"\u001b[39m\n            \u001b[36m>\u001b[39m\n              \u001b[36m<div>\u001b[39m\n                \u001b[36m<p\u001b[39m\n                  \u001b[33mclass\u001b[39m=\u001b[32m\"text-gray-500 text-sm\"\u001b[39m\n                \u001b[36m>\u001b[39m\n                  \u001b[0mScans/Day\u001b[0m\n                \u001b[36m</p>\u001b[39m\n                \u001b[36m<p\u001b[39m\n                  \u001b[33mclass\u001b[39m=\u001b[32m\"text-3xl font-bold\"\u001b[39m\n                  \u001b[33mdata-testid\u001b[39m=\u001b[32m\"kpi-scans\"\u001b[39m\n                \u001b[36m>\u001b[39m\n                  \u001b[0m150\u001b[0m\n                \u001b[36m</p>\u001b[39m\n                \u001b[36m<p\u001b[39m\n                  \u001b[33mclass\u001b[39m=\u001b[32m\"text-xs text-gray-400 mt-1\"\u001b[39m\n                \u001b[36m>\u001b[39m\n                  \u001b[0m2023-11-23\u001b[0m\n                \u001b[36m</p>\u001b[39m\n              \u001b[36m</div>\u001b[39m\n              \u001b[36m<div\u001b[39m\n                \u001b[33mdata-testid\u001b[39m=\u001b[32m\"icon-BarChart3\"\u001b[39m\n              \u001b[36m/>\u001b[39m\n            \u001b[36m</div>\u001b[39m\n          \u001b[36m</div>\u001b[39m\n          \u001b[36m<div\u001b[39m\n            \u001b[33mclass\u001b[39m=\u001b[32m\"bg-white p-6 rounded-lg shadow\"\u001b[39m\n          \u001b[36m>\u001b[39m\n            \u001b[36m<div\u001b[39m\n              \u001b[33mclass\u001b[39m=\u001b[32m\"flex items-center justify-between\"\u001b[39m\n            \u001b[36m>\u001b[39m\n              \u001b[36m<div>\u001b[39m\n                \u001b[36m<p\u001b[39m\n                  \u001b[33mclass\u001b[39m=\u001b[32m\"text-gray-500 text-sm\"\u001b[39m\n                \u001b[36m>\u001b[39m\n                  \u001b[0mActive Masons\u001b[0m\n                \u001b[36m</p>\u001b[39m\n                \u001b[36m<p\u001b[39m\n                  \u001b[33mclass\u001b[39m=\u001b[32m\"text-3xl font-bold\"\u001b[39m\n                  \u001b[33mdata-testid\u001b[39m=\u001b[32m\"kpi-active-masons\"\u001b[39m\n                \u001b[36m>\u001b[39m\n                  \u001b[0m60\u001b[0m\n                \u001b[36m</p>\u001b[39m\n                \u001b[36m<p\u001b[39m\n                  \u001b[33mclass\u001b[39m=\u001b[32m\"text-xs text-gray-400 mt-1\"\u001b[39m\n                \u001b[36m>\u001b[39m\n                  \u001b[0mUnique users\u001b[0m\n                \u001b[36m</p>\u001b[39m\n              \u001b[36m</div>\u001b[39m\n              \u001b[36m<div\u001b[39m\n                \u001b[33mdata-testid\u001b[39m=\u001b[32m\"icon-Users\"\u001b[39m\n              \u001b[36m/>\u001b[39m\n            \u001b[36m</div>\u001b[39m\n          \u001b[36m</div>\u001b[39m\n          \u001b[36m<div\u001b[39m\n            \u001b[33mclass\u001b[39m=\u001b[32m\"bg-white p-6 rounded-lg shadow\"\u001b[39m\n          \u001b[36m>\u001b[39m\n            \u001b[36m<div\u001b[39m\n              \u001b[33mclass\u001b[39m=\u001b[32m\"flex items-center justify-between\"\u001b[39m\n            \u001b[36m>\u001b[39m\n              \u001b[36m<div>\u001b[39m\n                \u001b[36m<p\u001b[39m\n                  \u001b[33mclass\u001b[39m=\u001b[32m\"text-gray-500 text-sm\"\u001b[39m\n                \u001b[36m>\u001b[39m\n                  \u001b[0mRedemption Rate\u001b[0m\n                \u001b[36m</p>\u001b[39m\n                \u001b[36m<p\u001b[39m\n                  \u001b[33mclass\u001b[39m=\u001b[32m\"text-3xl font-bold\"\u001b[39m\n                \u001b[36m>\u001b[39m\n                  \u001b[0m80.0\u001b[0m\n                  \u001b[0m%\u001b[0m\n                \u001b[36m</p>\u001b[39m\n                \u001b[36m<p\u001b[39m\n                  \u001b[33mclass\u001b[39m=\u001b[32m\"text-xs text-gray-400 mt-1\"\u001b[39m\n                \u001b[36m>\u001b[39m\n                  \u001b[0mSuccess rate\u001b[0m\n                \u001b[36m</p>\u001b[39m\n              \u001b[36m</div>\u001b[39m\n              \u001b[36m<div\u001b[39m\n                \u001b[33mdata-testid\u001b[39m=\u001b[32m\"icon-TrendingUp\"\u001b[39m\n              \u001b[36m/>\u001b[39m\n            \u001b[36m</div>\u001b[39m\n          \u001b[36m</div>\u001b[39m\n          \u001b[36m<div\u001b[39m\n            \u001b[33mclass\u001b[39m=\u001b[32m\"bg-white p-6 rounded-lg shadow\"\u001b[39m\n          \u001b[36m>\u001b[39m\n            \u001b[36m<div\u001b[39m\n              \u001b[33mclass\u001b[39m=\u001b[32m\"flex items-center justify-between\"\u001b[39m\n            \u001b[36m>\u001b[39m\n              \u001b[36m<div>\u001b[39m\n                \u001b[36m<p\u001b[39m\n                  \u001b[33mclass\u001b[39m=\u001b[32m\"text-gray-500 text-sm\"\u001b[39m\n                \u001b[36m>\u001b[39m\n                  \u001b[0mPending Payouts\u001b[0m\n                \u001b[36m</p>\u001b[39m\n                \u001b[36m<p\u001b[39m\n                  \u001b[33mclass\u001b[39m=\u001b[32m\"text-3xl font-bold\"\u001b[39m\n                \u001b[36m>\u001b[39m\n                  \u001b[0m5\u001b[0m\n                \u001b[36m</p>\u001b[39m\n                \u001b[36m<p\u001b[39m\n                  \u001b[33mclass\u001b[39m=\u001b[32m\"text-xs text-gray-400 mt-1\"\u001b[39m\n                \u001b[36m>\u001b[39m\n                  \u001b[0mAwaiting approval\u001b[0m\n                \u001b[36m</p>\u001b[39m\n              \u001b[36m</div>\u001b[39m\n              \u001b[36m<div\u001b[39m\n                \u001b[33mdata-testid\u001b[39m=\u001b[32m\"icon-DollarSign\"\u001b[39m\n              \u001b[36m/>\u001b[39m\n            \u001b[36m</div>\u001b[39m\n          \u001b[36m</div>\u001b[39m\n        \u001b[36m</div>\u001b[39m\n        \u001b[36m<div\u001b[39m\n          \u001b[33mclass\u001b[39m=\u001b[32m\"mb-6 flex items-center space-x-4\"\u001b[39m\n        \u001b[36m>\u001b[39m\n          \u001b[36m<div\u001b[39m\n            \u001b[33mdata-testid\u001b[39m=\u001b[32m\"icon-Calendar\"\u001b[39m\n          \u001b[36m/>\u001b[39m\n          \u001b[36m<span\u001b[39m\n            \u001b[33mclass\u001b[39m=\u001b[32m\"text-gray-700 font-medium\"\u001b[39m\n          \u001b[36m>\u001b[39m\n            \u001b[0mTime Range:\u001b[0m\n          \u001b[36m</span>\u001b[39m\n          \u001b[36m<div\u001b[39m\n            \u001b[33mclass\u001b[39m=\u001b[32m\"flex space-x-2\"\u001b[39m\n          \u001b[36m>\u001b[39m\n            \u001b[36m<button\u001b[39m\n              \u001b[33mclass\u001b[39m=\u001b[32m\"px-4 py-2 rounded bg-white text-gray-700 hover:bg-gray-100\"\u001b[39m\n            \u001b[36m>\u001b[39m\n              \u001b[0m7\u001b[0m\n              \u001b[0m days\u001b[0m\n            \u001b[36m</button>\u001b[39m\n            \u001b[36m<button\u001b[39m\n              \u001b[33mclass\u001b[39m=\u001b[32m\"px-4 py-2 rounded bg-white text-gray-700 hover:bg-gray-100\"\u001b[39m\n            \u001b[36m>\u001b[39m\n              \u001b[0m14\u001b[0m\n              \u001b[0m days\u001b[0m\n            \u001b[36m</button>\u001b[39m\n            \u001b[36m<button\u001b[39m\n              \u001b[33mclass\u001b[39m=\u001b[32m\"px-4 py-2 rounded bg-blue-600 text-white\"\u001b[39m\n            \u001b[36m>\u001b[39m\n              \u001b[0m30\u001b[0m\n              \u001b[0m days\u001b[0m\n            \u001b[36m</button>\u001b[39m\n            \u001b[36m<button\u001b[39m\n              \u001b[33mclass\u001b[39m=\u001b[32m\"px-4 py-2 rounded bg-white text-gray-700 hover:bg-gray-100\"\u001b[39m\n            \u001b[36m>\u001b[39m\n              \u001b[0m60\u001b[0m\n              \u001b[0m days\u001b[0m\n            \u001b[36m</button>\u001b[39m\n            \u001b[36m<button\u001b[39m\n              \u001b[33mclass\u001b[39m=\u001b[32m\"px-4 py-2 rounded bg-white text-gray-700 hover:bg-gray-100\"\u001b[39m\n            \u001b[36m>\u001b[39m\n              \u001b[0m90\u001b[0m\n              \u001b[0m days\u001b[0m\n            \u001b[36m</button>\u001b[39m\n          \u001b[36m</div>\u001b[39m\n        \u001b[36m</div>\u001b[39m\n        \u001b[36m<div\u001b[39m\n          \u001b[33mclass\u001b[39m=\u001b[32m\"grid grid-cols-1 lg:grid-cols-2 gap-6 mb-8\"\u001b[39m\n        \u001b[36m>\u001b[39m\n          \u001b[36m<div\u001b[39m\n            \u001b[33mclass\u001b[39m=\u001b[32m\"bg-white p-6 rounded-lg shadow\"\u001b[39m\n          \u001b[36m>\u001b[39m\n            \u001b[36m<h2\u001b[39m\n              \u001b[33mclass\u001b[39m=\u001b[32m\"text-xl font-bold mb-4\"\u001b[39m\n            \u001b[36m>\u001b[39m\n              \u001b[0mScans Over Time\u001b[0m\n            \u001b[36m</h2>\u001b[39m\n          \u001b[36m</div>\u001b[39m\n          \u001b[36m<div\u001b[39m\n            \u001b[33mclass\u001b[39m=\u001b[32m\"bg-white p-6 rounded-lg shadow\"\u001b[39m\n          \u001b[36m>\u001b[39m\n            \u001b[36m<h2\u001b[39m\n              \u001b[33mclass\u001b[39m=\u001b[32m\"text-xl font-bold mb-4\"\u001b[39m\n            \u001b[36m>\u001b[39m\n              \u001b[0mActive Masons Over Time\u001b[0m\n            \u001b[36m</h2>\u001b[39m\n          \u001b[36m</div>\u001b[39m\n        \u001b[36m</div>\u001b[39m\n        \u001b[36m<div\u001b[39m\n          \u001b[33mclass\u001b[39m=\u001b[32m\"grid grid-cols-1 lg:grid-cols-2 gap-6\"\u001b[39m\n        \u001b[36m>\u001b[39m\n          \u001b[36m<div\u001b[39m\n            \u001b[33mclass\u001b[39m=\u001b[32m\"bg-white p-6 rounded-lg shadow\"\u001b[39m\n          \u001b[36m>\u001b[39m\n            \u001b[36m<h2\u001b[39m\n              \u001b[33mclass\u001b[39m=\u001b[32m\"text-xl font-bold mb-4\"\u001b[39m\n            \u001b[36m>\u001b[39m\n              \u001b[0mRedemption Rate Trend\u001b[0m\n            \u001b[36m</h2>\u001b[39m\n          \u001b[36m</div>\u001b[39m\n          \u001b[36m<div\u001b[39m\n            \u001b[33mclass\u001b[39m=\u001b[32m\"bg-white p-6 rounded-lg shadow\"\u001b[39m\n          \u001b[36m>\u001b[39m\n            \u001b[36m<h2\u001b[39m\n              \u001b[33mclass\u001b[39m=\u001b[32m\"text-xl font-bold mb-4\"\u001b[39m\n            \u001b[36m>\u001b[39m\n              \u001b[0mTop Regions\u001b[0m\n            \u001b[36m</h2>\u001b[39m\n          \u001b[36m</div>\u001b[39m\n        \u001b[36m</div>\u001b[39m\n        \u001b[36m<div\u001b[39m\n          \u001b[33mclass\u001b[39m=\u001b[32m\"mt-8 bg-white p-6 rounded-lg shadow\"\u001b[39m\n        \u001b[36m>\u001b[39m\n          \u001b[36m<h2\u001b[39m\n            \u001b[33mclass\u001b[39m=\u001b[32m\"text-xl font-bold mb-4\"\u001b[39m\n          \u001b[36m>\u001b[39m\n            \u001b[0mDaily Summary\u001b[0m\n          \u001b[36m</h2>\u001b[39m\n          \u001b[36m<div\u001b[39m\n            \u001b[33mclass\u001b[39m=\u001b[32m\"overflow-x-auto\"\u001b[39m\n          \u001b[36m>\u001b[39m\n            \u001b[36m<table\u001b[39m\n              \u001b[33mclass\u001b[39m=\u001b[32m\"min-w-full divide-y divide-gray-200\"\u001b[39m\n            \u001b[36m>\u001b[39m\n              \u001b[36m<thead\u001b[39m\n                \u001b[33mclass\u001b[39m=\u001b[32m\"bg-gray-50\"\u001b[39m\n              \u001b[36m>\u001b[39m\n                \u001b[36m<tr>\u001b[39m\n                  \u001b[36m<th\u001b[39m\n                    \u001b[33mclass\u001b[39m=\u001b[32m\"px-6 py-3 text-left text-xs font-medium text-gray-500 uppercase tracking-wider\"\u001b[39m\n                  \u001b[36m>\u001b[39m\n                    \u001b[0mDate\u001b[0m\n                  \u001b[36m</th>\u001b[39m\n                  \u001b[36m<th\u001b[39m\n                    \u001b[33mclass\u001b[39m=\u001b[32m\"px-6 py-3 text-left text-xs font-medium text-gray-500 uppercase tracking-wider\"\u001b[39m\n                  \u001b[36m>\u001b[39m\n                    \u001b[0mScans\u001b[0m\n                  \u001b[36m</th>\u001b[39m\n                  \u001b[36m<th\u001b[39m\n                    \u001b[33mclass\u001b[39m=\u001b[32m\"px-6 py-3 text-left text-xs font-medium text-gray-500 uppercase tracking-wider\"\u001b[39m\n                  \u001b[36m>\u001b[39m\n                    \u001b[0mActive Masons\u001b[0m\n                  \u001b[36m</th>\u001b[39m\n                  \u001b[36m<th\u001b[39m\n                    \u001b[33mclass\u001b[39m=\u001b[32m\"px-6 py-3 text-left text-xs font-medium text-gray-500 uppercase tracking-wider\"\u001b[39m\n                  \u001b[36m>\u001b[39m\n                    \u001b[0mRedemptions\u001b[0m\n                  \u001b[36m</th>\u001b[39m\n                  \u001b[36m<th\u001b[39m\n                    \u001b[33mclass\u001b[39m=\u001b[32m\"px-6 py-3 text-left text-xs font-medium text-gray-500 uppercase tracking-wider\"\u001b[39m\n                  \u001b[36m>\u001b[39m\n                    \u001b[0mRate\u001b[0m\n                  \u001b[36m</th>\u001b[39m\n                \u001b[36m</tr>\u001b[39m\n              \u001b[36m</thead>\u001b[39m\n              \u001b[36m<tbody\u001b[39m\n                \u001b[33mclass\u001b[39m=\u001b[32m\"bg-white divide-y divide-gray-200\"\u001b[39m\n              \u001b[36m>\u001b[39m\n                \u001b[36m<tr>\u001b[39m\n                  \u001b[36m<td\u001b[39m\n                    \u001b[33mclass\u001b[39m=\u001b[32m\"px-6 py-4 whitespace-nowrap text-sm text-gray-900\"\u001b[39m\n                  \u001b[36m>\u001b[39m\n                    \u001b[0m2023-11-23\u001b[0m\n                  \u001b[36m</td>\u001b[39m\n                  \u001b[36m<td\u001b[39m\n                    \u001b[33mclass\u001b[39m=\u001b[32m\"px-6 py-4 whitespace-nowrap text-sm text-gray-900\"\u001b[39m\n                  \u001b[36m>\u001b[39m\n                    \u001b[0m150\u001b[0m\n                  \u001b[36m</td>\u001b[39m\n                  \u001b[36m<td\u001b[39m\n                    \u001b[33mclass\u001b[39m=\u001b[32m\"px-6 py-4 whitespace-nowrap text-sm text-gray-900\"\u001b[39m\n                  \u001b[36m>\u001b[39m\n                    \u001b[0m60\u001b[0m\n                  \u001b[36m</td>\u001b[39m\n                  \u001b[36m<td\u001b[39m\n                    \u001b[33mclass\u001b[39m=\u001b[32m\"px-6 py-4 whitespace-nowrap text-sm text-gray-900\"\u001b[39m\n                  \u001b[36m>\u001b[39m\n                    \u001b[0m120\u001b[0m\n                  \u001b[36m</td>\u001b[39m\n                  \u001b[36m<td\u001b[39m\n                    \u001b[33mclass\u001b[39m=\u001b[32m\"px-6 py-4 whitespace-nowrap text-sm text-gray-900\"\u001b[39m\n                  \u001b[36m>\u001b[39m\n                    \u001b[0m80.0\u001b[0m\n                    \u001b[0m%\u001b[0m\n                  \u001b[36m</td>\u001b[39m\n                \u001b[36m</tr>\u001b[39m\n              \u001b[36m</tbody>\u001b[39m\n            \u001b[36m</table>\u001b[39m\n          \u001b[36m</div>\u001b[39m\n        \u001b[36m</div>\u001b[39m\n      \u001b[36m</main>\u001b[39m\n    \u001b[36m</div>\u001b[39m\n  \u001b[36m</div>\u001b[39m\n\u001b[36m</body>\u001b[39m\n    at Object.getElementError (C:\\caceasy\\node_modules\\@testing-library\\dom\\dist\\config.js:37:19)\n    at C:\\caceasy\\node_modules\\@testing-library\\dom\\dist\\query-helpers.js:76:38\n    at C:\\caceasy\\node_modules\\@testing-library\\dom\\dist\\query-helpers.js:109:15\n    at Object.getAllByTestId (C:\\caceasy\\packages\\admin\\src\\__tests__\\Analytics.test.tsx:165:35)"],"fullName":"Analytics Page should render charts","invocations":1,"location":null,"numPassingAsserts":5,"retryReasons":[],"status":"failed","title":"should render charts"},{"ancestorTitles":["Analytics Page"],"duration":28,"failureDetails":[],"failureMessages":[],"fullName":"Analytics Page should render daily summary table","invocations":1,"location":null,"numPassingAsserts":11,"retryReasons":[],"status":"passed","title":"should render daily summary table"},{"ancestorTitles":["Analytics Page"],"duration":20,"failureDetails":[],"failureMessages":[],"fullName":"Analytics Page should handle API errors gracefully","invocations":1,"location":null,"numPassingAsserts":2,"retryReasons":[],"status":"passed","title":"should handle API errors gracefully"}],"endTime":1763934322232,"message":"\u001b[1m\u001b[31m  \u001b[1m● \u001b[22m\u001b[1mAnalytics Page › should render KPI tiles with data from API\u001b[39m\u001b[22m\n\n    TestingLibraryElementError: Found multiple elements with the text: 80.0%\n\n    Here are the matching elements:\n\n    Ignored nodes: comments, script, style\n    \u001b[36m<p\u001b[39m\n      \u001b[33mclass\u001b[39m=\u001b[32m\"text-3xl font-bold\"\u001b[39m\n    \u001b[36m>\u001b[39m\n      \u001b[0m80.0\u001b[0m\n      \u001b[0m%\u001b[0m\n    \u001b[36m</p>\u001b[39m\n\n    Ignored nodes: comments, script, style\n    \u001b[36m<td\u001b[39m\n      \u001b[33mclass\u001b[39m=\u001b[32m\"px-6 py-4 whitespace-nowrap text-sm text-gray-900\"\u001b[39m\n    \u001b[36m>\u001b[39m\n      \u001b[0m80.0\u001b[0m\n      \u001b[0m%\u001b[0m\n    \u001b[36m</td>\u001b[39m\n\n    Ignored nodes: comments, script, style\n    \u001b[36m<td\u001b[39m\n      \u001b[33mclass\u001b[39m=\u001b[32m\"px-6 py-4 whitespace-nowrap text-sm text-gray-900\"\u001b[39m\n    \u001b[36m>\u001b[39m\n      \u001b[0m80.0\u001b[0m\n      \u001b[0m%\u001b[0m\n    \u001b[36m</td>\u001b[39m\n\n    Ignored nodes: comments, script, style\n    \u001b[36m<td\u001b[39m\n      \u001b[33mclass\u001b[39m=\u001b[32m\"px-6 py-4 whitespace-nowrap text-sm text-gray-900\"\u001b[39m\n    \u001b[36m>\u001b[39m\n      \u001b[0m80.0\u001b[0m\n      \u001b[0m%\u001b[0m\n    \u001b[36m</td>\u001b[39m\n\n    (If this is intentional, then use the `*AllBy*` variant of the query (like `queryAllByText`, `getAllByText`, or `findAllByText`)).\n\n    Ignored nodes: comments, script, style\n    \u001b[36m<body>\u001b[39m\n      \u001b[36m<div>\u001b[39m\n        \u001b[36m<div\u001b[39m\n          \u001b[33mclass\u001b[39m=\u001b[32m\"min-h-screen bg-gray-100\"\u001b[39m\n        \u001b[36m>\u001b[39m\n          \u001b[36m<nav\u001b[39m\n            \u001b[33mclass\u001b[39m=\u001b[32m\"bg-white shadow\"\u001b[39m\n          \u001b[36m>\u001b[39m\n            \u001b[36m<div\u001b[39m\n              \u001b[33mclass\u001b[39m=\u001b[32m\"max-w-7xl mx-auto px-4 py-4\"\u001b[39m\n            \u001b[36m>\u001b[39m\n              \u001b[36m<div\u001b[39m\n                \u001b[33mclass\u001b[39m=\u001b[32m\"flex items-center justify-between\"\u001b[39m\n              \u001b[36m>\u001b[39m\n                \u001b[36m<h1\u001b[39m\n                  \u001b[33mclass\u001b[39m=\u001b[32m\"text-2xl font-bold\"\u001b[39m\n                \u001b[36m>\u001b[39m\n                  \u001b[0mAnalytics Dashboard\u001b[0m\n                \u001b[36m</h1>\u001b[39m\n                \u001b[36m<div\u001b[39m\n                  \u001b[33mclass\u001b[39m=\u001b[32m\"flex space-x-2\"\u001b[39m\n                \u001b[36m>\u001b[39m\n                  \u001b[36m<button\u001b[39m\n                    \u001b[33mclass\u001b[39m=\u001b[32m\"px-4 py-2 bg-gray-200 hover:bg-gray-300 rounded\"\u001b[39m\n                  \u001b[36m>\u001b[39m\n                    \u001b[0mBack to Home\u001b[0m\n                  \u001b[36m</button>\u001b[39m\n                \u001b[36m</div>\u001b[39m\n              \u001b[36m</div>\u001b[39m\n            \u001b[36m</div>\u001b[39m\n          \u001b[36m</nav>\u001b[39m\n          \u001b[36m<main\u001b[39m\n            \u001b[33mclass\u001b[39m=\u001b[32m\"max-w-7xl mx-auto px-4 py-8\"\u001b[39m\n          \u001b[36m>\u001b[39m\n            \u001b[36m<div\u001b[39m\n              \u001b[33mclass\u001b[39m=\u001b[32m\"grid grid-cols-1 md:grid-cols-2 lg:grid-cols-4 gap-6 mb-8\"\u001b[39m\n            \u001b[36m>\u001b[39m\n              \u001b[36m<div\u001b[39m\n                \u001b[33mclass\u001b[39m=\u001b[32m\"bg-white p-6 rounded-lg shadow\"\u001b[39m\n              \u001b[36m>\u001b[39m\n                \u001b[36m<div\u001b[39m\n                  \u001b[33mclass\u001b[39m=\u001b[32m\"flex items-center justify-between\"\u001b[39m\n                \u001b[36m>\u001b[39m\n                  \u001b[36m<div>\u001b[39m\n                    \u001b[36m<p\u001b[39m\n                      \u001b[33mclass\u001b[39m=\u001b[32m\"text-gray-500 text-sm\"\u001b[39m\n                    \u001b[36m>\u001b[39m\n                      \u001b[0mScans/Day\u001b[0m\n                    \u001b[36m</p>\u001b[39m\n                    \u001b[36m<p\u001b[39m\n                      \u001b[33mclass\u001b[39m=\u001b[32m\"text-3xl font-bold\"\u001b[39m\n                      \u001b[33mdata-testid\u001b[39m=\u001b[32m\"kpi-scans\"\u001b[39m\n                    \u001b[36m>\u001b[39m\n                      \u001b[0m150\u001b[0m\n                    \u001b[36m</p>\u001b[39m\n                    \u001b[36m<p\u001b[39m\n                      \u001b[33mclass\u001b[39m=\u001b[32m\"text-xs text-gray-400 mt-1\"\u001b[39m\n                    \u001b[36m>\u001b[39m\n                      \u001b[0m2023-11-23\u001b[0m\n                    \u001b[36m</p>\u001b[39m\n                  \u001b[36m</div>\u001b[39m\n                  \u001b[36m<div\u001b[39m\n                    \u001b[33mdata-testid\u001b[39m=\u001b[32m\"icon-BarChart3\"\u001b[39m\n                  \u001b[36m/>\u001b[39m\n                \u001b[36m</div>\u001b[39m\n              \u001b[36m</div>\u001b[39m\n              \u001b[36m<div\u001b[39m\n                \u001b[33mclass\u001b[39m=\u001b[32m\"bg-white p-6 rounded-lg shadow\"\u001b[39m\n              \u001b[36m>\u001b[39m\n                \u001b[36m<div\u001b[39m\n                  \u001b[33mclass\u001b[39m=\u001b[32m\"flex items-center justify-between\"\u001b[39m\n                \u001b[36m>\u001b[39m\n                  \u001b[36m<div>\u001b[39m\n                    \u001b[36m<p\u001b[39m\n                      \u001b[33mclass\u001b[39m=\u001b[32m\"text-gray-500 text-sm\"\u001b[39m\n                    \u001b[36m>\u001b[39m\n                      \u001b[0mActive Masons\u001b[0m\n                    \u001b[36m</p>\u001b[39m\n                    \u001b[36m<p\u001b[39m\n                      \u001b[33mclass\u001b[39m=\u001b[32m\"text-3xl font-bold\"\u001b[39m\n                      \u001b[33mdata-testid\u001b[39m=\u001b[32m\"kpi-active-masons\"\u001b[39m\n                    \u001b[36m>\u001b[39m\n                      \u001b[0m60\u001b[0m\n                    \u001b[36m</p>\u001b[39m\n                    \u001b[36m<p\u001b[39m\n                      \u001b[33mclass\u001b[39m=\u001b[32m\"text-xs text-gray-400 mt-1\"\u001b[39m\n                    \u001b[36m>\u001b[39m\n                      \u001b[0mUnique users\u001b[0m\n                    \u001b[36m</p>\u001b[39m\n                  \u001b[36m</div>\u001b[39m\n                  \u001b[36m<div\u001b[39m\n                    \u001b[33mdata-testid\u001b[39m=\u001b[32m\"icon-Users\"\u001b[39m\n                  \u001b[36m/>\u001b[39m\n                \u001b[36m</div>\u001b[39m\n              \u001b[36m</div>\u001b[39m\n              \u001b[36m<div\u001b[39m\n                \u001b[33mclass\u001b[39m=\u001b[32m\"bg-white p-6 rounded-lg shadow\"\u001b[39m\n              \u001b[36m>\u001b[39m\n                \u001b[36m<div\u001b[39m\n                  \u001b[33mclass\u001b[39m=\u001b[32m\"flex items-center justify-between\"\u001b[39m\n                \u001b[36m>\u001b[39m\n                  \u001b[36m<div>\u001b[39m\n                    \u001b[36m<p\u001b[39m\n                      \u001b[33mclass\u001b[39m=\u001b[32m\"text-gray-500 text-sm\"\u001b[39m\n                    \u001b[36m>\u001b[39m\n                      \u001b[0mRedemption Rate\u001b[0m\n                    \u001b[36m</p>\u001b[39m\n                    \u001b[36m<p\u001b[39m\n                      \u001b[33mclass\u001b[39m=\u001b[32m\"text-3xl font-bold\"\u001b[39m\n                    \u001b[36m>\u001b[39m\n                      \u001b[0m80.0\u001b[0m\n                      \u001b[0m%\u001b[0m\n                    \u001b[36m</p>\u001b[39m\n                    \u001b[36m<p\u001b[39m\n                      \u001b[33mclass\u001b[39m=\u001b[32m\"text-xs text-gray-400 mt-1\"\u001b[39m\n                    \u001b[36m>\u001b[39m\n                      \u001b[0mSuccess rate\u001b[0m\n                    \u001b[36m</p>\u001b[39m\n                  \u001b[36m</div>\u001b[39m\n                  \u001b[36m<div\u001b[39m\n                    \u001b[33mdata-testid\u001b[39m=\u001b[32m\"icon-TrendingUp\"\u001b[39m\n                  \u001b[36m/>\u001b[39m\n                \u001b[36m</div>\u001b[39m\n              \u001b[36m</div>\u001b[39m\n              \u001b[36m<div\u001b[39m\n                \u001b[33mclass\u001b[39m=\u001b[32m\"bg-white p-6 rounded-lg shadow\"\u001b[39m\n              \u001b[36m>\u001b[39m\n                \u001b[36m<div\u001b[39m\n                  \u001b[33mclass\u001b[39m=\u001b[32m\"flex items-center justify-between\"\u001b[39m\n                \u001b[36m>\u001b[39m\n                  \u001b[36m<div>\u001b[39m\n                    \u001b[36m<p\u001b[39m\n                      \u001b[33mclass\u001b[39m=\u001b[32m\"text-gray-500 text-sm\"\u001b[39m\n                    \u001b[36m>\u001b[39m\n                      \u001b[0mPending Payouts\u001b[0m\n                    \u001b[36m</p>\u001b[39m\n                    \u001b[36m<p\u001b[39m\n                      \u001b[33mclass\u001b[39m=\u001b[32m\"text-3xl font-bold\"\u001b[39m\n                    \u001b[36m>\u001b[39m\n                      \u001b[0m5\u001b[0m\n                    \u001b[36m</p>\u001b[39m\n                    \u001b[36m<p\u001b[39m\n                      \u001b[33mclass\u001b[39m=\u001b[32m\"text-xs text-gray-400 mt-1\"\u001b[39m\n                    \u001b[36m>\u001b[39m\n                      \u001b[0mAwaiting approval\u001b[0m\n                    \u001b[36m</p>\u001b[39m\n                  \u001b[36m</div>\u001b[39m\n                  \u001b[36m<div\u001b[39m\n                    \u001b[33mdata-testid\u001b[39m=\u001b[32m\"icon-DollarSign\"\u001b[39m\n                  \u001b[36m/>\u001b[39m\n                \u001b[36m</div>\u001b[39m\n              \u001b[36m</div>\u001b[39m\n            \u001b[36m</div>\u001b[39m\n            \u001b[36m<div\u001b[39m\n              \u001b[33mclass\u001b[39m=\u001b[32m\"mb-6 flex items-center space-x-4\"\u001b[39m\n            \u001b[36m>\u001b[39m\n              \u001b[36m<div\u001b[39m\n                \u001b[33mdata-testid\u001b[39m=\u001b[32m\"icon-Calendar\"\u001b[39m\n              \u001b[36m/>\u001b[39m\n              \u001b[36m<span\u001b[39m\n                \u001b[33mclass\u001b[39m=\u001b[32m\"text-gray-700 font-medium\"\u001b[39m\n              \u001b[36m>\u001b[39m\n                \u001b[0mTime Range:\u001b[0m\n              \u001b[36m</span>\u001b[39m\n              \u001b[36m<div\u001b[39m\n                \u001b[33mclass\u001b[39m=\u001b[32m\"flex space-x-2\"\u001b[39m\n              \u001b[36m>\u001b[39m\n                \u001b[36m<button\u001b[39m\n                  \u001b[33mclass\u001b[39m=\u001b[32m\"px-4 py-2 rounded bg-white text-gray-700 hover:bg-gray-100\"\u001b[39m\n                \u001b[36m>\u001b[39m\n                  \u001b[0m7\u001b[0m\n                  \u001b[0m days\u001b[0m\n                \u001b[36m</button>\u001b[39m\n                \u001b[36m<button\u001b[39m\n                  \u001b[33mclass\u001b[39m=\u001b[32m\"px-4 py-2 rounded bg-white text-gray-700 hover:bg-gray-100\"\u001b[39m\n                \u001b[36m>\u001b[39m\n                  \u001b[0m14\u001b[0m\n                  \u001b[0m days\u001b[0m\n                \u001b[36m</button>\u001b[39m\n                \u001b[36m<button\u001b[39m\n                  \u001b[33mclass\u001b[39m=\u001b[32m\"px-4 py-2 rounded bg-blue-600 text-white\"\u001b[39m\n                \u001b[36m>\u001b[39m\n                  \u001b[0m30\u001b[0m\n                  \u001b[0m days\u001b[0m\n                \u001b[36m</button>\u001b[39m\n                \u001b[36m<button\u001b[39m\n                  \u001b[33mclass\u001b[39m=\u001b[32m\"px-4 py-2 rounded bg-white text-gray-700 hover:bg-gray-100\"\u001b[39m\n                \u001b[36m>\u001b[39m\n                  \u001b[0m60\u001b[0m\n                  \u001b[0m days\u001b[0m\n                \u001b[36m</button>\u001b[39m\n                \u001b[36m<button\u001b[39m\n                  \u001b[33mclass\u001b[39m=\u001b[32m\"px-4 py-2 rounded bg-white text-gray-700 hover:bg-gray-100\"\u001b[39m\n                \u001b[36m>\u001b[39m\n                  \u001b[0m90\u001b[0m\n                  \u001b[0m days\u001b[0m\n                \u001b[36m</button>\u001b[39m\n              \u001b[36m</div>\u001b[39m\n            \u001b[36m</div>\u001b[39m\n            \u001b[36m<div\u001b[39m\n              \u001b[33mclass\u001b[39m=\u001b[32m\"grid grid-cols-1 lg:grid-cols-2 gap-6 mb-8\"\u001b[39m\n            \u001b[36m>\u001b[39m\n              \u001b[36m<div\u001b[39m\n                \u001b[33mclass\u001b[39m=\u001b[32m\"bg-white p-6 rounded-lg shadow\"\u001b[39m\n              \u001b[36m>\u001b[39m\n                \u001b[36m<h2\u001b[39m\n                  \u001b[33mclass\u001b[39m=\u001b[32m\"text-xl font-bold mb-4\"\u001b[39m\n                \u001b[36m>\u001b[39m\n                  \u001b[0mScans Over Time\u001b[0m\n                \u001b[36m</h2>\u001b[39m\n              \u001b[36m</div>\u001b[39m\n              \u001b[36m<div\u001b[39m\n                \u001b[33mclass\u001b[39m=\u001b[32m\"bg-white p-6 rounded-lg shadow\"\u001b[39m\n              \u001b[36m>\u001b[39m\n                \u001b[36m<h2\u001b[39m\n                  \u001b[33mclass\u001b[39m=\u001b[32m\"text-xl font-bold mb-4\"\u001b[39m\n                \u001b[36m>\u001b[39m\n                  \u001b[0mActive Masons Over Time\u001b[0m\n                \u001b[36m</h2>\u001b[39m\n              \u001b[36m</div>\u001b[39m\n            \u001b[36m</div>\u001b[39m\n            \u001b[36m<div\u001b[39m\n              \u001b[33mclass\u001b[39m=\u001b[32m\"grid grid-cols-1 lg:grid-cols-2 gap-6\"\u001b[39m\n            \u001b[36m>\u001b[39m\n              \u001b[36m<div\u001b[39m\n                \u001b[33mclass\u001b[39m=\u001b[32m\"bg-white p-6 rounded-lg shadow\"\u001b[39m\n              \u001b[36m>\u001b[39m\n                \u001b[36m<h2\u001b[39m\n                  \u001b[33mclass\u001b[39m=\u001b[32m\"text-xl font-bold mb-4\"\u001b[39m\n                \u001b[36m>\u001b[39m\n                  \u001b[0mRedemption Rate Trend\u001b[0m\n                \u001b[36m</h2>\u001b[39m\n              \u001b[36m</div>\u001b[39m\n              \u001b[36m<div\u001b[39m\n                \u001b[33mclass\u001b[39m=\u001b[32m\"bg-white p-6 rounded-lg shadow\"\u001b[39m\n              \u001b[36m>\u001b[39m\n                \u001b[36m<h2\u001b[39m\n                  \u001b[33mclass\u001b[39m=\u001b[32m\"text-xl font-bold mb-4\"\u001b[39m\n                \u001b[36m>\u001b[39m\n                  \u001b[0mTop Regions\u001b[0m\n                \u001b[36m</h2>\u001b[39m\n              \u001b[36m</div>\u001b[39m\n            \u001b[36m</div>\u001b[39m\n            \u001b[36m<div\u001b[39m\n              \u001b[33mclass\u001b[39m=\u001b[32m\"mt-8 bg-white p-6 rounded-lg shadow\"\u001b[39m\n            \u001b[36m>\u001b[39m\n              \u001b[36m<h2\u001b[39m\n                \u001b[33mclass\u001b[39m=\u001b[32m\"text-xl font-bold mb-4\"\u001b[39m\n              \u001b[36m>\u001b[39m\n                \u001b[0mDaily Summary\u001b[0m\n              \u001b[36m</h2>\u001b[39m\n              \u001b[36m<div\u001b[39m\n                \u001b[33mclass\u001b[39m=\u001b[32m\"overflow-x-auto\"\u001b[39m\n              \u001b[36m>\u001b[39m\n                \u001b[36m<table\u001b[39m\n                  \u001b[33mclass\u001b[39m=\u001b[32m\"min-w-full divide-y divide-gray-200\"\u001b[39m\n                \u001b[36m>\u001b[39m\n                  \u001b[36m<thead\u001b[39m\n                    \u001b[33mclass\u001b[39m=\u001b[32m\"bg-gray-50\"\u001b[39m\n                  \u001b[36m>\u001b[39m\n                    \u001b[36m<tr>\u001b[39m\n                      \u001b[36m<th\u001b[39m\n                        \u001b[33mclass\u001b[39m=\u001b[32m\"px-6 py-3 text-left text-xs font-medium text-gray-500 uppercase tracking-wider\"\u001b[39m\n                      \u001b[36m>\u001b[39m\n                        \u001b[0mDate\u001b[0m\n                      \u001b[36m</th>\u001b[39m\n                      \u001b[36m<th\u001b[39m\n                        \u001b[33mclass\u001b[39m=\u001b[32m\"px-6 py-3 text-left text-xs font-medium text-gray-500 uppercase tracking-wider\"\u001b[39m\n                      \u001b[36m>\u001b[39m\n                        \u001b[0mScans\u001b[0m\n                      \u001b[36m</th>\u001b[39m\n                      \u001b[36m<th\u001b[39m\n                        \u001b[33mclass\u001b[39m=\u001b[32m\"px-6 py-3 text-left text-xs font-medium text-gray-500 uppercase tracking-wider\"\u001b[39m\n                      \u001b[36m>\u001b[39m\n                        \u001b[0mActive Masons\u001b[0m\n                      \u001b[36m</th>\u001b[39m\n                      \u001b[36m<th\u001b[39m\n                        \u001b[33mclass\u001b[39m=\u001b[32m\"px-6 py-3 text-left text-xs font-medium text-gray-500 uppercase tracking-wider\"\u001b[39m\n                      \u001b[36m>\u001b[39m\n                        \u001b[0mRedemptions\u001b[0m\n                      \u001b[36m</th>\u001b[39m\n                      \u001b[36m<th\u001b[39m\n                        \u001b[33mclass\u001b[39m=\u001b[32m\"px-6 py-3 text-left text-xs font-medium text-gray-500 uppercase tracking-wider\"\u001b[39m\n                      \u001b[36m>\u001b[39m\n                        \u001b[0mRate\u001b[0m\n                      \u001b[36m</th>\u001b[39m\n                    \u001b[36m</tr>\u001b[39m\n                  \u001b[36m</thead>\u001b[39m\n                  \u001b[36m<tbody\u001b[39m\n                    \u001b[33mclass\u001b[39m=\u001b[32m\"bg-white divide-y divide-gray-200\"\u001b[39m\n                  \u001b[36m>\u001b[39m\n                    \u001b[36m<tr>\u001b[39m\n                      \u001b[36m<td\u001b[39m\n                        \u001b[33mclass\u001b[39m=\u001b[32m\"px-6 py-4 whitespace-nowrap text-sm text-gray-900\"\u001b[39m\n                      \u001b[36m>\u001b[39m\n                        \u001b[0m2023-11-20\u001b[0m\n                      \u001b[36m</td>\u001b[39m\n                      \u001b[36m<td\u001b[39m\n                        \u001b[33mclass\u001b[39m=\u001b[32m\"px-6 py-4 whitespace-nowrap text-sm text-gray-900\"\u001b[39m\n                      \u001b[36m>\u001b[39m\n                        \u001b[0m120\u001b[0m\n                      \u001b[36m</td>\u001b[39m\n                      \u001b[36m<td\u001b[39m\n                        \u001b[33mclass\u001b[39m=\u001b[32m\"px-6 py-4 whitespace-nowrap text-sm text-gray-900\"\u001b[39m\n                      \u001b[36m>\u001b[39m\n                        \u001b[0m50\u001b[0m\n                      \u001b[36m</td>\u001b[39m\n                      \u001b[36m<td\u001b[39m\n                        \u001b[33mclass\u001b[39m=\u001b[32m\"px-6 py-4 whitespace-nowrap text-sm text-gray-900\"\u001b[39m\n                      \u001b[36m>\u001b[39m\n                        \u001b[0m96\u001b[0m\n                      \u001b[36m</td>\u001b[39m\n                      \u001b[36m<td\u001b[39m\n                        \u001b[33mclass\u001b[39m=\u001b[32m\"px-6 py-4 whitespace-nowrap text-sm text-gray-900\"\u001b[39m\n                      \u001b[36m>\u001b[39m\n                        \u001b[0m80.0\u001b[0m\n                        \u001b[0m%\u001b[0m\n                      \u001b[36m</td>\u001b[39m\n                    \u001b[36m</tr>\u001b[39m\n                    \u001b[36m<tr>\u001b[39m\n                      \u001b[36m<td\u001b[39m\n                        \u001b[33mclass\u001b[39m=\u001b[32m\"px-6 py-4 whitespace-nowrap text-sm text-gray-900\"\u001b[39m\n                      \u001b[36m>\u001b[39m\n                        \u001b[0m2023-11-21\u001b[0m\n                      \u001b[36m</td>\u001b[39m\n                      \u001b[36m<td\u001b[39m\n                        \u001b[33mclass\u001b[39m=\u001b[32m\"px-6 py-4 whitespace-nowrap text-sm text-gray-900\"\u001b[39m\n                      \u001b[36m>\u001b[39m\n                        \u001b[0m135\u001b[0m\n                      \u001b[36m</td>\u001b[39m\n                      \u001b[36m<td\u001b[39m\n                        \u001b[33mclass\u001b[39m=\u001b[32m\"px-6 py-4 whitespace-nowrap text-sm text-gray-900\"\u001b[39m\n                      \u001b[36m>\u001b[39m\n                        \u001b[0m55\u001b[0m\n                      \u001b[36m</td>\u001b[39m\n                      \u001b[36m<td\u001b[39m\n                        \u001b[33mclass\u001b[39m=\u001b[32m\"px-6 py-4 whitespace-nowrap text-sm text-gray-900\"\u001b[39m\n                      \u001b[36m>\u001b[39m\n                        \u001b[0m108\u001b[0m\n                      \u001b[36m</td>\u001b[39m\n                      \u001b[36m<td\u001b[39m\n                        \u001b[33mclass\u001b[39m=\u001b[32m\"px-6 py-4 whitespace-nowrap text-sm text-gray-900\"\u001b[39m\n                      \u001b[36m>\u001b[39m\n                        \u001b[0m80.0\u001b[0m\n                        \u001b[0m%\u001b[0m\n                      \u001b[36m</td>\u001b[39m\n                    \u001b[36m</tr>\u001b[39m\n                    \u001b[36m<tr>\u001b[39m\n                      \u001b[36m<td\u001b[39m\n                        \u001b[33mclass\u001b[39m=\u001b[32m\"px-6 py-4 whitespace-nowrap text-sm text-gray-900\"\u001b[39m\n                      \u001b[36m>\u001b[39m\n                        \u001b[0m2023-11-22\u001b[0m\n                      \u001b[36m</td>\u001b[39m\n                      \u001b[36m<td\u001b[39m\n                        \u001b[33mclass\u001b[39m=\u001b[32m\"px-6 py-4 whitespace-nowrap text-sm text-gray-900\"\u001b[39m\n                      \u001b[36m>\u001b[39m\n                        \u001b[0m150\u001b[0m\n                      \u001b[36m</td>\u001b[39m\n                      \u001b[36m<td\u001b[39m\n                        \u001b[33mclass\u001b[39m=\u001b[32m\"px-6 py-4 whitespace-nowrap text-sm text-gray-900\"\u001b[39m\n                      \u001b[36m>\u001b[39m\n                        \u001b[0m60\u001b[0m\n                      \u001b[36m</td>\u001b[39m\n                      \u001b[36m<td\u001b[39m\n                        \u001b[33mclass\u001b[39m=\u001b[32m\"px-6 py-4 whitespace-nowrap text-sm text-gray-900\"\u001b[39m\n                      \u001b[36m>\u001b[39m\n                        \u001b[0m120\u001b[0m\n                      \u001b[36m</td>\u001b[39m\n                      \u001b[36m<td\u001b[39m\n                        \u001b[33mclass\u001b[39m=\u001b[32m\"px-6 py-4 whitespace-nowrap text-sm text-gray-900\"\u001b[39m\n                      \u001b[36m>\u001b[39m\n                        \u001b[0m80.0\u001b[0m\n                        \u001b[0m%\u001b[0m\n                      \u001b[36m</td>\u001b[39m\n                    \u001b[36m</tr>\u001b[39m\n                  \u001b[36m</tbody>\u001b[39m\n                \u001b[36m</table>\u001b[39m\n              \u001b[36m</div>\u001b[39m\n            \u001b[36m</div>\u001b[39m\n          \u001b[36m</main>\u001b[39m\n        \u001b[36m</div>\u001b[39m\n      \u001b[36m</div>\u001b[39m\n    \u001b[36m</body>\u001b[39m\n\u001b[2m\u001b[22m\n\u001b[2m    \u001b[0m \u001b[90m 109 |\u001b[39m         expect(screen\u001b[33m.\u001b[39mgetByTestId(\u001b[32m'kpi-scans'\u001b[39m))\u001b[33m.\u001b[39mtoBeInTheDocument()\u001b[33m;\u001b[39m \u001b[90m// Scans/Day\u001b[39m\u001b[22m\n\u001b[2m     \u001b[90m 110 |\u001b[39m         expect(screen\u001b[33m.\u001b[39mgetByTestId(\u001b[32m'kpi-active-masons'\u001b[39m))\u001b[33m.\u001b[39mtoBeInTheDocument()\u001b[33m;\u001b[39m \u001b[90m// Active Masons\u001b[39m\u001b[22m\n\u001b[2m    \u001b[31m\u001b[1m>\u001b[22m\u001b[2m\u001b[39m\u001b[90m 111 |\u001b[39m         expect(screen\u001b[33m.\u001b[39mgetByText(\u001b[32m'80.0%'\u001b[39m))\u001b[33m.\u001b[39mtoBeInTheDocument()\u001b[33m;\u001b[39m \u001b[90m// Redemption Rate\u001b[39m\u001b[22m\n\u001b[2m     \u001b[90m     |\u001b[39m                       \u001b[31m\u001b[1m^\u001b[22m\u001b[2m\u001b[39m\u001b[22m\n\u001b[2m     \u001b[90m 112 |\u001b[39m         expect(screen\u001b[33m.\u001b[39mgetByText(\u001b[32m'5'\u001b[39m))\u001b[33m.\u001b[39mtoBeInTheDocument()\u001b[33m;\u001b[39m \u001b[90m// Pending Payouts\u001b[39m\u001b[22m\n\u001b[2m     \u001b[90m 113 |\u001b[39m     })\u001b[33m;\u001b[39m\u001b[22m\n\u001b[2m     \u001b[90m 114 |\u001b[39m\u001b[0m\u001b[22m\n\u001b[2m\u001b[22m\n\u001b[2m      \u001b[2mat Object.getElementError (\u001b[22m\u001b[2m../../node_modules/@testing-library/dom/dist/config.js\u001b[2m:37:19)\u001b[22m\u001b[2m\u001b[22m\n\u001b[2m      \u001b[2mat getElementError (\u001b[22m\u001b[2m../../node_modules/@testing-library/dom/dist/query-helpers.js\u001b[2m:20:35)\u001b[22m\u001b[2m\u001b[22m\n\u001b[2m      \u001b[2mat getMultipleElementsFoundError (\u001b[22m\u001b[2m../../node_modules/@testing-library/dom/dist/query-helpers.js\u001b[2m:23:10)\u001b[22m\u001b[2m\u001b[22m\n\u001b[2m      \u001b[2mat \u001b[22m\u001b[2m../../node_modules/@testing-library/dom/dist/query-helpers.js\u001b[2m:55:13\u001b[22m\u001b[2m\u001b[22m\n\u001b[2m      \u001b[2mat \u001b[22m\u001b[2m../../node_modules/@testing-library/dom/dist/query-helpers.js\u001b[2m:95:19\u001b[22m\u001b[2m\u001b[22m\n\u001b[2m      \u001b[2mat Object.getByText (\u001b[22m\u001b[2m\u001b[0m\u001b[36msrc/__tests__/Analytics.test.tsx\u001b[39m\u001b[0m\u001b[2m:111:23)\u001b[22m\u001b[2m\u001b[22m\n\n\u001b[1m\u001b[31m  \u001b[1m● \u001b[22m\u001b[1mAnalytics Page › should render charts\u001b[39m\u001b[22m\n\n    TestingLibraryElementError: Unable to find an element by: [data-testid=\"area-chart\"]\n\n    Ignored nodes: comments, script, style\n    \u001b[36m<body>\u001b[39m\n      \u001b[36m<div>\u001b[39m\n        \u001b[36m<div\u001b[39m\n          \u001b[33mclass\u001b[39m=\u001b[32m\"min-h-screen bg-gray-100\"\u001b[39m\n        \u001b[36m>\u001b[39m\n          \u001b[36m<nav\u001b[39m\n            \u001b[33mclass\u001b[39m=\u001b[32m\"bg-white shadow\"\u001b[39m\n          \u001b[36m>\u001b[39m\n            \u001b[36m<div\u001b[39m\n              \u001b[33mclass\u001b[39m=\u001b[32m\"max-w-7xl mx-auto px-4 py-4\"\u001b[39m\n            \u001b[36m>\u001b[39m\n              \u001b[36m<div\u001b[39m\n                \u001b[33mclass\u001b[39m=\u001b[32m\"flex items-center justify-between\"\u001b[39m\n              \u001b[36m>\u001b[39m\n                \u001b[36m<h1\u001b[39m\n                  \u001b[33mclass\u001b[39m=\u001b[32m\"text-2xl font-bold\"\u001b[39m\n                \u001b[36m>\u001b[39m\n                  \u001b[0mAnalytics Dashboard\u001b[0m\n                \u001b[36m</h1>\u001b[39m\n                \u001b[36m<div\u001b[39m\n                  \u001b[33mclass\u001b[39m=\u001b[32m\"flex space-x-2\"\u001b[39m\n                \u001b[36m>\u001b[39m\n                  \u001b[36m<button\u001b[39m\n                    \u001b[33mclass\u001b[39m=\u001b[32m\"px-4 py-2 bg-gray-200 hover:bg-gray-300 rounded\"\u001b[39m\n                  \u001b[36m>\u001b[39m\n                    \u001b[0mBack to Home\u001b[0m\n                  \u001b[36m</button>\u001b[39m\n                \u001b[36m</div>\u001b[39m\n              \u001b[36m</div>\u001b[39m\n            \u001b[36m</div>\u001b[39m\n          \u001b[36m</nav>\u001b[39m\n          \u001b[36m<main\u001b[39m\n            \u001b[33mclass\u001b[39m=\u001b[32m\"max-w-7xl mx-auto px-4 py-8\"\u001b[39m\n          \u001b[36m>\u001b[39m\n            \u001b[36m<div\u001b[39m\n              \u001b[33mclass\u001b[39m=\u001b[32m\"grid grid-cols-1 md:grid-cols-2 lg:grid-cols-4 gap-6 mb-8\"\u001b[39m\n            \u001b[36m>\u001b[39m\n              \u001b[36m<div\u001b[39m\n                \u001b[33mclass\u001b[39m=\u001b[32m\"bg-white p-6 rounded-lg shadow\"\u001b[39m\n              \u001b[36m>\u001b[39m\n                \u001b[36m<div\u001b[39m\n                  \u001b[33mclass\u001b[39m=\u001b[32m\"flex items-center justify-between\"\u001b[39m\n                \u001b[36m>\u001b[39m\n                  \u001b[36m<div>\u001b[39m\n                    \u001b[36m<p\u001b[39m\n                      \u001b[33mclass\u001b[39m=\u001b[32m\"text-gray-500 text-sm\"\u001b[39m\n                    \u001b[36m>\u001b[39m\n                      \u001b[0mScans/Day\u001b[0m\n                    \u001b[36m</p>\u001b[39m\n                    \u001b[36m<p\u001b[39m\n                      \u001b[33mclass\u001b[39m=\u001b[32m\"text-3xl font-bold\"\u001b[39m\n                      \u001b[33mdata-testid\u001b[39m=\u001b[32m\"kpi-scans\"\u001b[39m\n                    \u001b[36m>\u001b[39m\n                      \u001b[0m150\u001b[0m\n                    \u001b[36m</p>\u001b[39m\n                    \u001b[36m<p\u001b[39m\n                      \u001b[33mclass\u001b[39m=\u001b[32m\"text-xs text-gray-400 mt-1\"\u001b[39m\n                    \u001b[36m>\u001b[39m\n                      \u001b[0m2023-11-23\u001b[0m\n                    \u001b[36m</p>\u001b[39m\n                  \u001b[36m</div>\u001b[39m\n                  \u001b[36m<div\u001b[39m\n                    \u001b[33mdata-testid\u001b[39m=\u001b[32m\"icon-BarChart3\"\u001b[39m\n                  \u001b[36m/>\u001b[39m\n                \u001b[36m</div>\u001b[39m\n              \u001b[36m</div>\u001b[39m\n              \u001b[36m<div\u001b[39m\n                \u001b[33mclass\u001b[39m=\u001b[32m\"bg-white p-6 rounded-lg shadow\"\u001b[39m\n              \u001b[36m>\u001b[39m\n                \u001b[36m<div\u001b[39m\n                  \u001b[33mclass\u001b[39m=\u001b[32m\"flex items-center justify-between\"\u001b[39m\n                \u001b[36m>\u001b[39m\n                  \u001b[36m<div>\u001b[39m\n                    \u001b[36m<p\u001b[39m\n                      \u001b[33mclass\u001b[39m=\u001b[32m\"text-gray-500 text-sm\"\u001b[39m\n                    \u001b[36m>\u001b[39m\n                      \u001b[0mActive Masons\u001b[0m\n                    \u001b[36m</p>\u001b[39m\n                    \u001b[36m<p\u001b[39m\n                      \u001b[33mclass\u001b[39m=\u001b[32m\"text-3xl font-bold\"\u001b[39m\n                      \u001b[33mdata-testid\u001b[39m=\u001b[32m\"kpi-active-masons\"\u001b[39m\n                    \u001b[36m>\u001b[39m\n                      \u001b[0m60\u001b[0m\n                    \u001b[36m</p>\u001b[39m\n                    \u001b[36m<p\u001b[39m\n                      \u001b[33mclass\u001b[39m=\u001b[32m\"text-xs text-gray-400 mt-1\"\u001b[39m\n                    \u001b[36m>\u001b[39m\n                      \u001b[0mUnique users\u001b[0m\n                    \u001b[36m</p>\u001b[39m\n                  \u001b[36m</div>\u001b[39m\n                  \u001b[36m<div\u001b[39m\n                    \u001b[33mdata-testid\u001b[39m=\u001b[32m\"icon-Users\"\u001b[39m\n                  \u001b[36m/>\u001b[39m\n                \u001b[36m</div>\u001b[39m\n              \u001b[36m</div>\u001b[39m\n              \u001b[36m<div\u001b[39m\n                \u001b[33mclass\u001b[39m=\u001b[32m\"bg-white p-6 rounded-lg shadow\"\u001b[39m\n              \u001b[36m>\u001b[39m\n                \u001b[36m<div\u001b[39m\n                  \u001b[33mclass\u001b[39m=\u001b[32m\"flex items-center justify-between\"\u001b[39m\n                \u001b[36m>\u001b[39m\n                  \u001b[36m<div>\u001b[39m\n                    \u001b[36m<p\u001b[39m\n                      \u001b[33mclass\u001b[39m=\u001b[32m\"text-gray-500 text-sm\"\u001b[39m\n                    \u001b[36m>\u001b[39m\n                      \u001b[0mRedemption Rate\u001b[0m\n                    \u001b[36m</p>\u001b[39m\n                    \u001b[36m<p\u001b[39m\n                      \u001b[33mclass\u001b[39m=\u001b[32m\"text-3xl font-bold\"\u001b[39m\n                    \u001b[36m>\u001b[39m\n                      \u001b[0m80.0\u001b[0m\n                      \u001b[0m%\u001b[0m\n                    \u001b[36m</p>\u001b[39m\n                    \u001b[36m<p\u001b[39m\n                      \u001b[33mclass\u001b[39m=\u001b[32m\"text-xs text-gray-400 mt-1\"\u001b[39m\n                    \u001b[36m>\u001b[39m\n                      \u001b[0mSuccess rate\u001b[0m\n                    \u001b[36m</p>\u001b[39m\n                  \u001b[36m</div>\u001b[39m\n                  \u001b[36m<div\u001b[39m\n                    \u001b[33mdata-testid\u001b[39m=\u001b[32m\"icon-TrendingUp\"\u001b[39m\n                  \u001b[36m/>\u001b[39m\n                \u001b[36m</div>\u001b[39m\n              \u001b[36m</div>\u001b[39m\n              \u001b[36m<div\u001b[39m\n                \u001b[33mclass\u001b[39m=\u001b[32m\"bg-white p-6 rounded-lg shadow\"\u001b[39m\n              \u001b[36m>\u001b[39m\n                \u001b[36m<div\u001b[39m\n                  \u001b[33mclass\u001b[39m=\u001b[32m\"flex items-center justify-between\"\u001b[39m\n                \u001b[36m>\u001b[39m\n                  \u001b[36m<div>\u001b[39m\n                    \u001b[36m<p\u001b[39m\n                      \u001b[33mclass\u001b[39m=\u001b[32m\"text-gray-500 text-sm\"\u001b[39m\n                    \u001b[36m>\u001b[39m\n                      \u001b[0mPending Payouts\u001b[0m\n                    \u001b[36m</p>\u001b[39m\n                    \u001b[36m<p\u001b[39m\n                      \u001b[33mclass\u001b[39m=\u001b[32m\"text-3xl font-bold\"\u001b[39m\n                    \u001b[36m>\u001b[39m\n                      \u001b[0m5\u001b[0m\n                    \u001b[36m</p>\u001b[39m\n                    \u001b[36m<p\u001b[39m\n                      \u001b[33mclass\u001b[39m=\u001b[32m\"text-xs text-gray-400 mt-1\"\u001b[39m\n                    \u001b[36m>\u001b[39m\n                      \u001b[0mAwaiting approval\u001b[0m\n                    \u001b[36m</p>\u001b[39m\n                  \u001b[36m</div>\u001b[39m\n                  \u001b[36m<div\u001b[39m\n                    \u001b[33mdata-testid\u001b[39m=\u001b[32m\"icon-DollarSign\"\u001b[39m\n                  \u001b[36m/>\u001b[39m\n                \u001b[36m</div>\u001b[39m\n              \u001b[36m</div>\u001b[39m\n            \u001b[36m</div>\u001b[39m\n            \u001b[36m<div\u001b[39m\n              \u001b[33mclass\u001b[39m=\u001b[32m\"mb-6 flex items-center space-x-4\"\u001b[39m\n            \u001b[36m>\u001b[39m\n              \u001b[36m<div\u001b[39m\n                \u001b[33mdata-testid\u001b[39m=\u001b[32m\"icon-Calendar\"\u001b[39m\n              \u001b[36m/>\u001b[39m\n              \u001b[36m<span\u001b[39m\n                \u001b[33mclass\u001b[39m=\u001b[32m\"text-gray-700 font-medium\"\u001b[39m\n              \u001b[36m>\u001b[39m\n                \u001b[0mTime Range:\u001b[0m\n              \u001b[36m</span>\u001b[39m\n              \u001b[36m<div\u001b[39m\n                \u001b[33mclass\u001b[39m=\u001b[32m\"flex space-x-2\"\u001b[39m\n              \u001b[36m>\u001b[39m\n                \u001b[36m<button\u001b[39m\n                  \u001b[33mclass\u001b[39m=\u001b[32m\"px-4 py-2 rounded bg-white text-gray-700 hover:bg-gray-100\"\u001b[39m\n                \u001b[36m>\u001b[39m\n                  \u001b[0m7\u001b[0m\n                  \u001b[0m days\u001b[0m\n                \u001b[36m</button>\u001b[39m\n                \u001b[36m<button\u001b[39m\n                  \u001b[33mclass\u001b[39m=\u001b[32m\"px-4 py-2 rounded bg-white text-gray-700 hover:bg-gray-100\"\u001b[39m\n                \u001b[36m>\u001b[39m\n                  \u001b[0m14\u001b[0m\n                  \u001b[0m days\u001b[0m\n                \u001b[36m</button>\u001b[39m\n                \u001b[36m<button\u001b[39m\n                  \u001b[33mclass\u001b[39m=\u001b[32m\"px-4 py-2 rounded bg-blue-600 text-white\"\u001b[39m\n                \u001b[36m>\u001b[39m\n                  \u001b[0m30\u001b[0m\n                  \u001b[0m days\u001b[0m\n                \u001b[36m</button>\u001b[39m\n                \u001b[36m<button\u001b[39m\n                  \u001b[33mclass\u001b[39m=\u001b[32m\"px-4 py-2 rounded bg-white text-gray-700 hover:bg-gray-100\"\u001b[39m\n                \u001b[36m>\u001b[39m\n                  \u001b[0m60\u001b[0m\n                  \u001b[0m days\u001b[0m\n                \u001b[36m</button>\u001b[39m\n                \u001b[36m<button\u001b[39m\n                  \u001b[33mclass\u001b[39m=\u001b[32m\"px-4 py-2 rounded bg-white text-gray-700 hover:bg-gray-100\"\u001b[39m\n                \u001b[36m>\u001b[39m\n                  \u001b[0m90\u001b[0m\n                  \u001b[0m days\u001b[0m\n                \u001b[36m</button>\u001b[39m\n              \u001b[36m</div>\u001b[39m\n            \u001b[36m</div>\u001b[39m\n            \u001b[36m<div\u001b[39m\n              \u001b[33mclass\u001b[39m=\u001b[32m\"grid grid-cols-1 lg:grid-cols-2 gap-6 mb-8\"\u001b[39m\n            \u001b[36m>\u001b[39m\n              \u001b[36m<div\u001b[39m\n                \u001b[33mclass\u001b[39m=\u001b[32m\"bg-white p-6 rounded-lg shadow\"\u001b[39m\n              \u001b[36m>\u001b[39m\n                \u001b[36m<h2\u001b[39m\n                  \u001b[33mclass\u001b[39m=\u001b[32m\"text-xl font-bold mb-4\"\u001b[39m\n                \u001b[36m>\u001b[39m\n                  \u001b[0mScans Over Time\u001b[0m\n                \u001b[36m</h2>\u001b[39m\n              \u001b[36m</div>\u001b[39m\n              \u001b[36m<div\u001b[39m\n                \u001b[33mclass\u001b[39m=\u001b[32m\"bg-white p-6 rounded-lg shadow\"\u001b[39m\n              \u001b[36m>\u001b[39m\n                \u001b[36m<h2\u001b[39m\n                  \u001b[33mclass\u001b[39m=\u001b[32m\"text-xl font-bold mb-4\"\u001b[39m\n                \u001b[36m>\u001b[39m\n                  \u001b[0mActive Masons Over Time\u001b[0m\n                \u001b[36m</h2>\u001b[39m\n              \u001b[36m</div>\u001b[39m\n            \u001b[36m</div>\u001b[39m\n            \u001b[36m<div\u001b[39m\n              \u001b[33mclass\u001b[39m=\u001b[32m\"grid grid-cols-1 lg:grid-cols-2 gap-6\"\u001b[39m\n            \u001b[36m>\u001b[39m\n              \u001b[36m<div\u001b[39m\n                \u001b[33mclass\u001b[39m=\u001b[32m\"bg-white p-6 rounded-lg shadow\"\u001b[39m\n              \u001b[36m>\u001b[39m\n                \u001b[36m<h2\u001b[39m\n                  \u001b[33mclass\u001b[39m=\u001b[32m\"text-xl font-bold mb-4\"\u001b[39m\n                \u001b[36m>\u001b[39m\n                  \u001b[0mRedemption Rate Trend\u001b[0m\n                \u001b[36m</h2>\u001b[39m\n              \u001b[36m</div>\u001b[39m\n              \u001b[36m<div\u001b[39m\n                \u001b[33mclass\u001b[39m=\u001b[32m\"bg-white p-6 rounded-lg shadow\"\u001b[39m\n              \u001b[36m>\u001b[39m\n                \u001b[36m<h2\u001b[39m\n                  \u001b[33mclass\u001b[39m=\u001b[32m\"text-xl font-bold mb-4\"\u001b[39m\n                \u001b[36m>\u001b[39m\n                  \u001b[0mTop Regions\u001b[0m\n                \u001b[36m</h2>\u001b[39m\n              \u001b[36m</div>\u001b[39m\n            \u001b[36m</div>\u001b[39m\n            \u001b[36m<div\u001b[39m\n              \u001b[33mclass\u001b[39m=\u001b[32m\"mt-8 bg-white p-6 rounded-lg shadow\"\u001b[39m\n            \u001b[36m>\u001b[39m\n              \u001b[36m<h2\u001b[39m\n                \u001b[33mclass\u001b[39m=\u001b[32m\"text-xl font-bold mb-4\"\u001b[39m\n              \u001b[36m>\u001b[39m\n                \u001b[0mDaily Summary\u001b[0m\n              \u001b[36m</h2>\u001b[39m\n              \u001b[36m<div\u001b[39m\n                \u001b[33mclass\u001b[39m=\u001b[32m\"overflow-x-auto\"\u001b[39m\n              \u001b[36m>\u001b[39m\n                \u001b[36m<table\u001b[39m\n                  \u001b[33mclass\u001b[39m=\u001b[32m\"min-w-full divide-y divide-gray-200\"\u001b[39m\n                \u001b[36m>\u001b[39m\n                  \u001b[36m<thead\u001b[39m\n                    \u001b[33mclass\u001b[39m=\u001b[32m\"bg-gray-50\"\u001b[39m\n                  \u001b[36m>\u001b[39m\n                    \u001b[36m<tr>\u001b[39m\n                      \u001b[36m<th\u001b[39m\n                        \u001b[33mclass\u001b[39m=\u001b[32m\"px-6 py-3 text-left text-xs font-medium text-gray-500 uppercase tracking-wider\"\u001b[39m\n                      \u001b[36m>\u001b[39m\n                        \u001b[0mDate\u001b[0m\n                      \u001b[36m</th>\u001b[39m\n                      \u001b[36m<th\u001b[39m\n                        \u001b[33mclass\u001b[39m=\u001b[32m\"px-6 py-3 text-left text-xs font-medium text-gray-500 uppercase tracking-wider\"\u001b[39m\n                      \u001b[36m>\u001b[39m\n                        \u001b[0mScans\u001b[0m\n                      \u001b[36m</th>\u001b[39m\n                      \u001b[36m<th\u001b[39m\n                        \u001b[33mclass\u001b[39m=\u001b[32m\"px-6 py-3 text-left text-xs font-medium text-gray-500 uppercase tracking-wider\"\u001b[39m\n                      \u001b[36m>\u001b[39m\n                        \u001b[0mActive Masons\u001b[0m\n                      \u001b[36m</th>\u001b[39m\n                      \u001b[36m<th\u001b[39m\n                        \u001b[33mclass\u001b[39m=\u001b[32m\"px-6 py-3 text-left text-xs font-medium text-gray-500 uppercase tracking-wider\"\u001b[39m\n                      \u001b[36m>\u001b[39m\n                        \u001b[0mRedemptions\u001b[0m\n                      \u001b[36m</th>\u001b[39m\n                      \u001b[36m<th\u001b[39m\n                        \u001b[33mclass\u001b[39m=\u001b[32m\"px-6 py-3 text-left text-xs font-medium text-gray-500 uppercase tracking-wider\"\u001b[39m\n                      \u001b[36m>\u001b[39m\n                        \u001b[0mRate\u001b[0m\n                      \u001b[36m</th>\u001b[39m\n                    \u001b[36m</tr>\u001b[39m\n                  \u001b[36m</thead>\u001b[39m\n                  \u001b[36m<tbody\u001b[39m\n                    \u001b[33mclass\u001b[39m=\u001b[32m\"bg-white divide-y divide-gray-200\"\u001b[39m\n                  \u001b[36m>\u001b[39m\n                    \u001b[36m<tr>\u001b[39m\n                      \u001b[36m<td\u001b[39m\n                        \u001b[33mclass\u001b[39m=\u001b[32m\"px-6 py-4 whitespace-nowrap text-sm text-gray-900\"\u001b[39m\n                      \u001b[36m>\u001b[39m\n                        \u001b[0m2023-11-23\u001b[0m\n                      \u001b[36m</td>\u001b[39m\n                      \u001b[36m<td\u001b[39m\n                        \u001b[33mclass\u001b[39m=\u001b[32m\"px-6 py-4 whitespace-nowrap text-sm text-gray-900\"\u001b[39m\n                      \u001b[36m>\u001b[39m\n                        \u001b[0m150\u001b[0m\n                      \u001b[36m</td>\u001b[39m\n                      \u001b[36m<td\u001b[39m\n                        \u001b[33mclass\u001b[39m=\u001b[32m\"px-6 py-4 whitespace-nowrap text-sm text-gray-900\"\u001b[39m\n                      \u001b[36m>\u001b[39m\n                        \u001b[0m60\u001b[0m\n                      \u001b[36m</td>\u001b[39m\n                      \u001b[36m<td\u001b[39m\n                        \u001b[33mclass\u001b[39m=\u001b[32m\"px-6 py-4 whitespace-nowrap text-sm text-gray-900\"\u001b[39m\n                      \u001b[36m>\u001b[39m\n                        \u001b[0m120\u001b[0m\n                      \u001b[36m</td>\u001b[39m\n                      \u001b[36m<td\u001b[39m\n                        \u001b[33mclass\u001b[39m=\u001b[32m\"px-6 py-4 whitespace-nowrap text-sm text-gray-900\"\u001b[39m\n                      \u001b[36m>\u001b[39m\n                        \u001b[0m80.0\u001b[0m\n                        \u001b[0m%\u001b[0m\n                      \u001b[36m</td>\u001b[39m\n                    \u001b[36m</tr>\u001b[39m\n                  \u001b[36m</tbody>\u001b[39m\n                \u001b[36m</table>\u001b[39m\n              \u001b[36m</div>\u001b[39m\n            \u001b[36m</div>\u001b[39m\n          \u001b[36m</main>\u001b[39m\n        \u001b[36m</div>\u001b[39m\n      \u001b[36m</div>\u001b[39m\n    \u001b[36m</body>\u001b[39m\n\u001b[2m\u001b[22m\n\u001b[2m    \u001b[0m \u001b[90m 163 |\u001b[39m\u001b[22m\n\u001b[2m     \u001b[90m 164 |\u001b[39m         \u001b[90m// Check that chart containers exist\u001b[39m\u001b[22m\n\u001b[2m    \u001b[31m\u001b[1m>\u001b[22m\u001b[2m\u001b[39m\u001b[90m 165 |\u001b[39m         \u001b[36mconst\u001b[39m areaCharts \u001b[33m=\u001b[39m screen\u001b[33m.\u001b[39mgetAllByTestId(\u001b[32m'area-chart'\u001b[39m)\u001b[33m;\u001b[39m\u001b[22m\n\u001b[2m     \u001b[90m     |\u001b[39m                                   \u001b[31m\u001b[1m^\u001b[22m\u001b[2m\u001b[39m\u001b[22m\n\u001b[2m     \u001b[90m 166 |\u001b[39m         expect(areaCharts\u001b[33m.\u001b[39mlength)\u001b[33m.\u001b[39mtoBeGreaterThan(\u001b[35m0\u001b[39m)\u001b[33m;\u001b[39m\u001b[22m\n\u001b[2m     \u001b[90m 167 |\u001b[39m\u001b[22m\n\u001b[2m     \u001b[90m 168 |\u001b[39m         \u001b[36mconst\u001b[39m lineCharts \u001b[33m=\u001b[39m screen\u001b[33m.\u001b[39mgetAllByTestId(\u001b[32m'line-chart'\u001b[39m)\u001b[33m;\u001b[39m\u001b[0m\u001b[22m\n\u001b[2m\u001b[22m\n\u001b[2m      \u001b[2mat Object.getElementError (\u001b[22m\u001b[2m../../node_modules/@testing-library/dom/dist/config.js\u001b[2m:37:19)\u001b[22m\u001b[2m\u001b[22m\n\u001b[2m      \u001b[2mat \u001b[22m\u001b[2m../../node_modules/@testing-library/dom/dist/query-helpers.js\u001b[2m:76:38\u001b[22m\u001b[2m\u001b[22m\n\u001b[2m      \u001b[2mat \u001b[22m\u001b[2m../../node_modules/@testing-library/dom/dist/query-helpers.js\u001b[2m:109:15\u001b[22m\u001b[2m\u001b[22m\n\u001b[2m      \u001b[2mat Object.getAllByTestId (\u001b[22m\u001b[2m\u001b[0m\u001b[36msrc/__tests__/Analytics.test.tsx\u001b[39m\u001b[0m\u001b[2m:165:35)\u001b[22m\u001b[2m\u001b[22m\n","name":"C:\\caceasy\\packages\\admin\\src\\__tests__\\Analytics.test.tsx","startTime":1763934320869,"status":"failed","summary":""}],"wasInterrupted":false}
